2020-06-21 22:59:28,024 [Worker-1: Loading available Gradle versions] INFO  o.e.b.c.i.u.g.PublishedGradleVersions - Gradle version information cache is out-of-date. Trying to update.
2020-06-21 23:40:19,811 [Worker-20: Creating maven-archetype-quickstart] INFO  o.e.m.c.i.p.ProjectConfigurationManager - Collecting project info '/pom.xml' C:\Users\edimi\Repositories\GitHub\labstech\getnet\edimilsonestevam\pom.xml
2020-06-21 23:40:34,560 [Worker-20: Creating maven-archetype-quickstart] INFO  o.e.m.c.i.l.LifecycleMappingFactory - Using org.eclipse.m2e.jdt.JarLifecycleMapping lifecycle mapping for MavenProject: pt.po:edimilsonestevam:0.0.1-SNAPSHOT @ C:\Users\edimi\Repositories\GitHub\labstech\getnet\edimilsonestevam\pom.xml.
2020-06-21 23:40:40,675 [Worker-20: Creating maven-archetype-quickstart] INFO  o.e.m.j.i.AbstractJavaProjectConfigurator - Adding source folder /edimilsonestevam/src/main/java
2020-06-21 23:40:40,719 [Worker-20: Creating maven-archetype-quickstart] INFO  o.e.m.j.i.AbstractJavaProjectConfigurator - Adding source folder /edimilsonestevam/src/test/java
2020-06-21 23:40:41,502 [Worker-20: Creating maven-archetype-quickstart] INFO  o.e.m.c.i.p.ProjectConfigurationManager - Imported and configured 1 project(s) in 21 sec
2020-06-21 23:40:44,591 [Worker-19: Building workspace] INFO  o.e.m.c.i.embedder.EclipseLogger - Using 'UTF-8' encoding to copy filtered resources.
2020-06-21 23:40:44,591 [Worker-19: Building workspace] INFO  o.e.m.c.i.embedder.EclipseLogger - skip non existing resourceDirectory C:\Users\edimi\Repositories\GitHub\labstech\getnet\edimilsonestevam\src\main\resources
2020-06-21 23:40:44,593 [Worker-19: Building workspace] INFO  o.e.m.c.i.embedder.EclipseLogger - Using 'UTF-8' encoding to copy filtered resources.
2020-06-21 23:40:44,594 [Worker-19: Building workspace] INFO  o.e.m.c.i.embedder.EclipseLogger - skip non existing resourceDirectory C:\Users\edimi\Repositories\GitHub\labstech\getnet\edimilsonestevam\src\test\resources
2020-06-21 23:41:09,156 [Worker-20: Building workspace] INFO  o.e.m.c.i.l.LifecycleMappingFactory - Using org.eclipse.m2e.jdt.JarLifecycleMapping lifecycle mapping for MavenProject: pt.po:edimilsonestevam:0.0.1-SNAPSHOT @ C:\Users\edimi\Repositories\GitHub\labstech\getnet\getnet\pom.xml.
2020-06-21 23:41:10,060 [Worker-20: Building workspace] INFO  o.e.m.c.i.embedder.EclipseLogger - Using 'UTF-8' encoding to copy filtered resources.
2020-06-21 23:41:10,061 [Worker-20: Building workspace] INFO  o.e.m.c.i.embedder.EclipseLogger - skip non existing resourceDirectory C:\Users\edimi\Repositories\GitHub\labstech\getnet\getnet\src\main\resources
2020-06-21 23:41:10,064 [Worker-20: Building workspace] INFO  o.e.m.c.i.embedder.EclipseLogger - Using 'UTF-8' encoding to copy filtered resources.
2020-06-21 23:41:10,064 [Worker-20: Building workspace] INFO  o.e.m.c.i.embedder.EclipseLogger - skip non existing resourceDirectory C:\Users\edimi\Repositories\GitHub\labstech\getnet\getnet\src\test\resources
2020-06-21 23:41:11,225 [Worker-22: Building workspace] INFO  o.e.m.c.i.embedder.EclipseLogger - Using 'UTF-8' encoding to copy filtered resources.
2020-06-21 23:41:11,226 [Worker-22: Building workspace] INFO  o.e.m.c.i.embedder.EclipseLogger - skip non existing resourceDirectory C:\Users\edimi\Repositories\GitHub\labstech\getnet\getnet\src\main\resources
2020-06-21 23:41:11,228 [Worker-22: Building workspace] INFO  o.e.m.c.i.embedder.EclipseLogger - Using 'UTF-8' encoding to copy filtered resources.
2020-06-21 23:41:11,228 [Worker-22: Building workspace] INFO  o.e.m.c.i.embedder.EclipseLogger - skip non existing resourceDirectory C:\Users\edimi\Repositories\GitHub\labstech\getnet\getnet\src\test\resources
2020-06-21 23:41:52,324 [Worker-24: Building workspace] INFO  o.e.m.c.i.embedder.EclipseLogger - Using 'UTF-8' encoding to copy filtered resources.
2020-06-21 23:41:52,324 [Worker-24: Building workspace] INFO  o.e.m.c.i.embedder.EclipseLogger - skip non existing resourceDirectory C:\Users\edimi\Repositories\GitHub\labstech\getnet\getnet\src\main\resources
2020-06-21 23:41:52,325 [Worker-24: Building workspace] INFO  o.e.m.c.i.embedder.EclipseLogger - Using 'UTF-8' encoding to copy filtered resources.
2020-06-21 23:41:52,326 [Worker-24: Building workspace] INFO  o.e.m.c.i.embedder.EclipseLogger - skip non existing resourceDirectory C:\Users\edimi\Repositories\GitHub\labstech\getnet\getnet\src\test\resources
2020-06-21 23:42:06,240 [Worker-21: Building workspace] INFO  o.e.m.c.i.embedder.EclipseLogger - Using 'UTF-8' encoding to copy filtered resources.
2020-06-21 23:42:06,240 [Worker-21: Building workspace] INFO  o.e.m.c.i.embedder.EclipseLogger - skip non existing resourceDirectory C:\Users\edimi\Repositories\GitHub\labstech\getnet\getnet\src\main\resources
2020-06-21 23:42:06,244 [Worker-21: Building workspace] INFO  o.e.m.c.i.embedder.EclipseLogger - Using 'UTF-8' encoding to copy filtered resources.
2020-06-21 23:42:06,245 [Worker-21: Building workspace] INFO  o.e.m.c.i.embedder.EclipseLogger - skip non existing resourceDirectory C:\Users\edimi\Repositories\GitHub\labstech\getnet\getnet\src\test\resources
2020-06-21 23:42:19,842 [Worker-21: Building workspace] INFO  o.e.m.c.i.embedder.EclipseLogger - Using 'UTF-8' encoding to copy filtered resources.
2020-06-21 23:42:19,843 [Worker-21: Building workspace] INFO  o.e.m.c.i.embedder.EclipseLogger - skip non existing resourceDirectory C:\Users\edimi\Repositories\GitHub\labstech\getnet\getnet\src\main\resources
2020-06-21 23:42:19,844 [Worker-21: Building workspace] INFO  o.e.m.c.i.embedder.EclipseLogger - Using 'UTF-8' encoding to copy filtered resources.
2020-06-21 23:42:19,844 [Worker-21: Building workspace] INFO  o.e.m.c.i.embedder.EclipseLogger - skip non existing resourceDirectory C:\Users\edimi\Repositories\GitHub\labstech\getnet\getnet\src\test\resources
2020-06-21 23:42:20,852 [Worker-21: Building workspace] INFO  o.e.m.c.i.embedder.EclipseLogger - Using 'UTF-8' encoding to copy filtered resources.
2020-06-21 23:42:20,853 [Worker-21: Building workspace] INFO  o.e.m.c.i.embedder.EclipseLogger - skip non existing resourceDirectory C:\Users\edimi\Repositories\GitHub\labstech\getnet\getnet\src\main\resources
2020-06-21 23:42:20,854 [Worker-21: Building workspace] INFO  o.e.m.c.i.embedder.EclipseLogger - Using 'UTF-8' encoding to copy filtered resources.
2020-06-21 23:42:20,855 [Worker-21: Building workspace] INFO  o.e.m.c.i.embedder.EclipseLogger - skip non existing resourceDirectory C:\Users\edimi\Repositories\GitHub\labstech\getnet\getnet\src\test\resources
2020-06-21 23:42:43,833 [Worker-24: Building workspace] INFO  o.e.m.c.i.embedder.EclipseLogger - Using 'UTF-8' encoding to copy filtered resources.
2020-06-21 23:42:43,833 [Worker-24: Building workspace] INFO  o.e.m.c.i.embedder.EclipseLogger - skip non existing resourceDirectory C:\Users\edimi\Repositories\GitHub\labstech\getnet\getnet\src\main\resources
2020-06-21 23:42:43,836 [Worker-24: Building workspace] INFO  o.e.m.c.i.embedder.EclipseLogger - Using 'UTF-8' encoding to copy filtered resources.
2020-06-21 23:42:43,836 [Worker-24: Building workspace] INFO  o.e.m.c.i.embedder.EclipseLogger - skip non existing resourceDirectory C:\Users\edimi\Repositories\GitHub\labstech\getnet\getnet\src\test\resources
2020-06-21 23:43:24,353 [Worker-19: Building workspace] INFO  o.e.m.c.i.l.LifecycleMappingFactory - Using org.eclipse.m2e.jdt.JarLifecycleMapping lifecycle mapping for MavenProject: pt.po:edimilsonestevam:0.0.1-SNAPSHOT @ C:\Users\edimi\Repositories\GitHub\labstech\getnet\getnet\pom.xml.
2020-06-21 23:43:24,924 [Worker-19: Building workspace] INFO  o.e.m.c.i.embedder.EclipseLogger - Using 'UTF-8' encoding to copy filtered resources.
2020-06-21 23:43:24,925 [Worker-19: Building workspace] INFO  o.e.m.c.i.embedder.EclipseLogger - skip non existing resourceDirectory C:\Users\edimi\Repositories\GitHub\labstech\getnet\getnet\src\main\resources
2020-06-21 23:43:24,927 [Worker-19: Building workspace] INFO  o.e.m.c.i.embedder.EclipseLogger - Using 'UTF-8' encoding to copy filtered resources.
2020-06-21 23:43:24,928 [Worker-19: Building workspace] INFO  o.e.m.c.i.embedder.EclipseLogger - skip non existing resourceDirectory C:\Users\edimi\Repositories\GitHub\labstech\getnet\getnet\src\test\resources
2020-06-21 23:43:38,915 [Worker-21: Building workspace] INFO  o.e.m.c.i.l.LifecycleMappingFactory - Using org.eclipse.m2e.jdt.JarLifecycleMapping lifecycle mapping for MavenProject: pt.po:getnet:0.0.1-SNAPSHOT @ C:\Users\edimi\Repositories\GitHub\labstech\getnet\getnet\pom.xml.
2020-06-21 23:43:39,251 [Worker-21: Building workspace] INFO  o.e.m.c.i.embedder.EclipseLogger - Using 'UTF-8' encoding to copy filtered resources.
2020-06-21 23:43:39,251 [Worker-21: Building workspace] INFO  o.e.m.c.i.embedder.EclipseLogger - skip non existing resourceDirectory C:\Users\edimi\Repositories\GitHub\labstech\getnet\getnet\src\main\resources
2020-06-21 23:43:39,252 [Worker-21: Building workspace] INFO  o.e.m.c.i.embedder.EclipseLogger - Using 'UTF-8' encoding to copy filtered resources.
2020-06-21 23:43:39,253 [Worker-21: Building workspace] INFO  o.e.m.c.i.embedder.EclipseLogger - skip non existing resourceDirectory C:\Users\edimi\Repositories\GitHub\labstech\getnet\getnet\src\test\resources
2020-06-21 23:49:51,053 [Worker-19: Building workspace] INFO  o.e.m.c.i.l.LifecycleMappingFactory - Using org.eclipse.m2e.jdt.JarLifecycleMapping lifecycle mapping for MavenProject: pt.po.edimilsonestevam:getnet:0.0.1-SNAPSHOT @ C:\Users\edimi\Repositories\GitHub\labstech\getnet\getnet\pom.xml.
2020-06-21 23:49:51,703 [Worker-19: Building workspace] INFO  o.e.m.c.i.embedder.EclipseLogger - Using 'UTF-8' encoding to copy filtered resources.
2020-06-21 23:49:51,703 [Worker-19: Building workspace] INFO  o.e.m.c.i.embedder.EclipseLogger - skip non existing resourceDirectory C:\Users\edimi\Repositories\GitHub\labstech\getnet\getnet\src\main\resources
2020-06-21 23:49:51,704 [Worker-19: Building workspace] INFO  o.e.m.c.i.embedder.EclipseLogger - Using 'UTF-8' encoding to copy filtered resources.
2020-06-21 23:49:51,705 [Worker-19: Building workspace] INFO  o.e.m.c.i.embedder.EclipseLogger - skip non existing resourceDirectory C:\Users\edimi\Repositories\GitHub\labstech\getnet\getnet\src\test\resources
2020-06-30 01:15:12,170 [Worker-5: Loading available Gradle versions] INFO  o.e.b.c.i.u.g.PublishedGradleVersions - Gradle version information cache is out-of-date. Trying to update.
2020-06-30 01:17:49,925 [Worker-8: Importing Maven projects] INFO  o.e.m.c.i.l.LifecycleMappingFactory - Using org.eclipse.m2e.jdt.JarLifecycleMapping lifecycle mapping for MavenProject: br.sp.edimilsonestevam:e-commerce:0.0.1-SNAPSHOT @ C:\Users\edimi\Repositories\GitHub\labsweb\e-commerce\pom.xml.
2020-06-30 01:17:56,321 [Worker-8: Importing Maven projects] INFO  o.e.m.c.i.l.LifecycleMappingFactory - Using org.eclipse.m2e.jdt.JarLifecycleMapping lifecycle mapping for MavenProject: br.sp.edimilsonestevam:ToDo:0.0.1-SNAPSHOT @ C:\Users\edimi\Repositories\GitHub\labsweb\ToDo\pom.xml.
2020-06-30 01:18:08,951 [Worker-8: Importing Maven projects] INFO  o.e.m.j.i.AbstractJavaProjectConfigurator - Adding source folder /ToDo/src/main/java
2020-06-30 01:18:08,955 [Worker-8: Importing Maven projects] INFO  o.e.m.j.i.AbstractJavaProjectConfigurator - Adding source folder /ToDo/src/test/java
2020-06-30 01:18:09,787 [Worker-8: Importing Maven projects] INFO  o.e.m.j.i.AbstractJavaProjectConfigurator - Adding source folder /e-commerce/src/main/java
2020-06-30 01:18:09,790 [Worker-8: Importing Maven projects] INFO  o.e.m.j.i.AbstractJavaProjectConfigurator - Adding source folder /e-commerce/src/test/java
2020-06-30 01:18:10,154 [Worker-8: Importing Maven projects] INFO  o.e.m.c.i.p.ProjectConfigurationManager - Imported and configured 2 project(s) in 42 sec
2020-06-30 01:18:12,766 [Worker-5: Building workspace] INFO  o.e.m.c.i.embedder.EclipseLogger - Using 'UTF-8' encoding to copy filtered resources.
2020-06-30 01:18:12,767 [Worker-5: Building workspace] INFO  o.e.m.c.i.embedder.EclipseLogger - skip non existing resourceDirectory C:\Users\edimi\Repositories\GitHub\labsweb\ToDo\src\main\resources
2020-06-30 01:18:12,770 [Worker-5: Building workspace] INFO  o.e.m.c.i.embedder.EclipseLogger - Using 'UTF-8' encoding to copy filtered resources.
2020-06-30 01:18:12,770 [Worker-5: Building workspace] INFO  o.e.m.c.i.embedder.EclipseLogger - skip non existing resourceDirectory C:\Users\edimi\Repositories\GitHub\labsweb\ToDo\src\test\resources
2020-06-30 01:18:15,834 [Worker-5: Building workspace] INFO  o.e.m.c.i.embedder.EclipseLogger - Using 'UTF-8' encoding to copy filtered resources.
2020-06-30 01:18:15,834 [Worker-5: Building workspace] INFO  o.e.m.c.i.embedder.EclipseLogger - skip non existing resourceDirectory C:\Users\edimi\Repositories\GitHub\labsweb\e-commerce\src\main\resources
2020-06-30 01:18:15,836 [Worker-5: Building workspace] INFO  o.e.m.c.i.embedder.EclipseLogger - Using 'UTF-8' encoding to copy filtered resources.
2020-06-30 01:18:15,836 [Worker-5: Building workspace] INFO  o.e.m.c.i.embedder.EclipseLogger - skip non existing resourceDirectory C:\Users\edimi\Repositories\GitHub\labsweb\e-commerce\src\test\resources
2020-06-30 01:18:18,939 [Worker-6: Building workspace] INFO  o.e.m.c.i.embedder.EclipseLogger - Using 'UTF-8' encoding to copy filtered resources.
2020-06-30 01:18:18,939 [Worker-6: Building workspace] INFO  o.e.m.c.i.embedder.EclipseLogger - skip non existing resourceDirectory C:\Users\edimi\Repositories\GitHub\labstech\getnet\getnet\src\main\resources
2020-06-30 01:18:18,941 [Worker-6: Building workspace] INFO  o.e.m.c.i.embedder.EclipseLogger - Using 'UTF-8' encoding to copy filtered resources.
2020-06-30 01:18:18,942 [Worker-6: Building workspace] INFO  o.e.m.c.i.embedder.EclipseLogger - skip non existing resourceDirectory C:\Users\edimi\Repositories\GitHub\labstech\getnet\getnet\src\test\resources
2020-06-30 01:18:50,695 [Worker-15: Building workspace] INFO  o.e.m.c.i.embedder.EclipseLogger - Using 'UTF-8' encoding to copy filtered resources.
2020-06-30 01:18:50,696 [Worker-15: Building workspace] INFO  o.e.m.c.i.embedder.EclipseLogger - skip non existing resourceDirectory C:\Users\edimi\Repositories\GitHub\labstech\getnet\getnet\src\main\resources
2020-06-30 01:18:50,698 [Worker-15: Building workspace] INFO  o.e.m.c.i.embedder.EclipseLogger - Using 'UTF-8' encoding to copy filtered resources.
2020-06-30 01:18:50,698 [Worker-15: Building workspace] INFO  o.e.m.c.i.embedder.EclipseLogger - skip non existing resourceDirectory C:\Users\edimi\Repositories\GitHub\labstech\getnet\getnet\src\test\resources
2020-06-30 01:19:07,556 [Worker-10: Updating Maven Dependencies] INFO  o.e.m.c.i.l.LifecycleMappingFactory - Using org.eclipse.m2e.jdt.JarLifecycleMapping lifecycle mapping for MavenProject: br.sp.edimilsonestevam:e-commerce:0.0.1-SNAPSHOT @ C:\Users\edimi\Repositories\GitHub\labsweb\e-commerce\pom.xml.
2020-06-30 01:19:09,043 [Worker-2: Building workspace] INFO  o.e.m.c.i.embedder.EclipseLogger - Using 'UTF-8' encoding to copy filtered resources.
2020-06-30 01:19:09,043 [Worker-2: Building workspace] INFO  o.e.m.c.i.embedder.EclipseLogger - skip non existing resourceDirectory C:\Users\edimi\Repositories\GitHub\labsweb\e-commerce\src\main\resources
2020-06-30 01:19:09,044 [Worker-2: Building workspace] INFO  o.e.m.c.i.embedder.EclipseLogger - Using 'UTF-8' encoding to copy filtered resources.
2020-06-30 01:19:09,044 [Worker-2: Building workspace] INFO  o.e.m.c.i.embedder.EclipseLogger - skip non existing resourceDirectory C:\Users\edimi\Repositories\GitHub\labsweb\e-commerce\src\test\resources
2020-06-30 01:19:36,143 [Worker-2: Building workspace] INFO  o.e.m.c.i.l.LifecycleMappingFactory - Using org.eclipse.m2e.jdt.JarLifecycleMapping lifecycle mapping for MavenProject: pt.po.edimilsonestevam:getnet:0.0.1-SNAPSHOT @ C:\Users\edimi\Repositories\GitHub\labstech\getnet\getnet\pom.xml.
2020-06-30 01:19:36,795 [Worker-2: Building workspace] INFO  o.e.m.c.i.embedder.EclipseLogger - Using 'UTF-8' encoding to copy filtered resources.
2020-06-30 01:19:36,796 [Worker-2: Building workspace] INFO  o.e.m.c.i.embedder.EclipseLogger - skip non existing resourceDirectory C:\Users\edimi\Repositories\GitHub\labstech\getnet\getnet\src\main\resources
2020-06-30 01:19:36,798 [Worker-2: Building workspace] INFO  o.e.m.c.i.embedder.EclipseLogger - Using 'UTF-8' encoding to copy filtered resources.
2020-06-30 01:19:36,799 [Worker-2: Building workspace] INFO  o.e.m.c.i.embedder.EclipseLogger - skip non existing resourceDirectory C:\Users\edimi\Repositories\GitHub\labstech\getnet\getnet\src\test\resources
2020-06-30 01:19:38,596 [Worker-10: Building workspace] INFO  o.e.m.c.i.embedder.EclipseLogger - Using 'UTF-8' encoding to copy filtered resources.
2020-06-30 01:19:38,596 [Worker-10: Building workspace] INFO  o.e.m.c.i.embedder.EclipseLogger - skip non existing resourceDirectory C:\Users\edimi\Repositories\GitHub\labstech\getnet\getnet\src\main\resources
2020-06-30 01:19:38,598 [Worker-10: Building workspace] INFO  o.e.m.c.i.embedder.EclipseLogger - Using 'UTF-8' encoding to copy filtered resources.
2020-06-30 01:19:38,598 [Worker-10: Building workspace] INFO  o.e.m.c.i.embedder.EclipseLogger - skip non existing resourceDirectory C:\Users\edimi\Repositories\GitHub\labstech\getnet\getnet\src\test\resources
2020-06-30 01:19:47,307 [Worker-3: Building workspace] INFO  o.e.m.c.i.l.LifecycleMappingFactory - Using org.eclipse.m2e.jdt.JarLifecycleMapping lifecycle mapping for MavenProject: pt.po.edimilsonestevam:getnet:0.0.1-SNAPSHOT @ C:\Users\edimi\Repositories\GitHub\labstech\getnet\getnet\pom.xml.
2020-06-30 01:19:47,797 [Worker-3: Building workspace] INFO  o.e.m.c.i.embedder.EclipseLogger - Using 'UTF-8' encoding to copy filtered resources.
2020-06-30 01:19:47,798 [Worker-3: Building workspace] INFO  o.e.m.c.i.embedder.EclipseLogger - skip non existing resourceDirectory C:\Users\edimi\Repositories\GitHub\labstech\getnet\getnet\src\main\resources
2020-06-30 01:19:47,801 [Worker-3: Building workspace] INFO  o.e.m.c.i.embedder.EclipseLogger - Using 'UTF-8' encoding to copy filtered resources.
2020-06-30 01:19:47,801 [Worker-3: Building workspace] INFO  o.e.m.c.i.embedder.EclipseLogger - skip non existing resourceDirectory C:\Users\edimi\Repositories\GitHub\labstech\getnet\getnet\src\test\resources
2020-06-30 01:20:40,370 [Worker-12: Building workspace] INFO  o.e.m.c.i.embedder.EclipseLogger - Using 'UTF-8' encoding to copy filtered resources.
2020-06-30 01:20:40,371 [Worker-12: Building workspace] INFO  o.e.m.c.i.embedder.EclipseLogger - skip non existing resourceDirectory C:\Users\edimi\Repositories\GitHub\labstech\getnet\getnet\src\main\resources
2020-06-30 01:20:40,373 [Worker-12: Building workspace] INFO  o.e.m.c.i.embedder.EclipseLogger - Using 'UTF-8' encoding to copy filtered resources.
2020-06-30 01:20:40,373 [Worker-12: Building workspace] INFO  o.e.m.c.i.embedder.EclipseLogger - skip non existing resourceDirectory C:\Users\edimi\Repositories\GitHub\labstech\getnet\getnet\src\test\resources
2020-06-30 01:27:33,563 [Worker-23: Building workspace] INFO  o.e.m.c.i.embedder.EclipseLogger - Using 'UTF-8' encoding to copy filtered resources.
2020-06-30 01:27:33,563 [Worker-23: Building workspace] INFO  o.e.m.c.i.embedder.EclipseLogger - skip non existing resourceDirectory C:\Users\edimi\Repositories\GitHub\labstech\getnet\getnet\src\main\resources
2020-06-30 01:27:33,578 [Worker-23: Building workspace] INFO  o.e.m.c.i.embedder.EclipseLogger - Using 'UTF-8' encoding to copy filtered resources.
2020-06-30 01:27:33,578 [Worker-23: Building workspace] INFO  o.e.m.c.i.embedder.EclipseLogger - skip non existing resourceDirectory C:\Users\edimi\Repositories\GitHub\labstech\getnet\getnet\src\test\resources
2020-06-30 01:28:59,741 [Worker-19: Building workspace] INFO  o.e.m.c.i.embedder.EclipseLogger - Using 'UTF-8' encoding to copy filtered resources.
2020-06-30 01:28:59,741 [Worker-19: Building workspace] INFO  o.e.m.c.i.embedder.EclipseLogger - skip non existing resourceDirectory C:\Users\edimi\Repositories\GitHub\labstech\getnet\getnet\src\main\resources
2020-06-30 01:28:59,741 [Worker-19: Building workspace] INFO  o.e.m.c.i.embedder.EclipseLogger - Using 'UTF-8' encoding to copy filtered resources.
2020-06-30 01:28:59,741 [Worker-19: Building workspace] INFO  o.e.m.c.i.embedder.EclipseLogger - skip non existing resourceDirectory C:\Users\edimi\Repositories\GitHub\labstech\getnet\getnet\src\test\resources
2020-06-30 01:29:15,900 [Worker-23: Building workspace] INFO  o.e.m.c.i.embedder.EclipseLogger - Using 'UTF-8' encoding to copy filtered resources.
2020-06-30 01:29:15,901 [Worker-23: Building workspace] INFO  o.e.m.c.i.embedder.EclipseLogger - skip non existing resourceDirectory C:\Users\edimi\Repositories\GitHub\labstech\getnet\getnet\src\main\resources
2020-06-30 01:29:15,901 [Worker-23: Building workspace] INFO  o.e.m.c.i.embedder.EclipseLogger - Using 'UTF-8' encoding to copy filtered resources.
2020-06-30 01:29:15,902 [Worker-23: Building workspace] INFO  o.e.m.c.i.embedder.EclipseLogger - skip non existing resourceDirectory C:\Users\edimi\Repositories\GitHub\labstech\getnet\getnet\src\test\resources
2020-06-30 01:30:45,497 [Worker-3: Building workspace] INFO  o.e.m.c.i.embedder.EclipseLogger - Using 'UTF-8' encoding to copy filtered resources.
2020-06-30 01:30:45,497 [Worker-3: Building workspace] INFO  o.e.m.c.i.embedder.EclipseLogger - skip non existing resourceDirectory C:\Users\edimi\Repositories\GitHub\labstech\getnet\getnet\src\main\resources
2020-06-30 01:30:45,497 [Worker-3: Building workspace] INFO  o.e.m.c.i.embedder.EclipseLogger - Using 'UTF-8' encoding to copy filtered resources.
2020-06-30 01:30:45,497 [Worker-3: Building workspace] INFO  o.e.m.c.i.embedder.EclipseLogger - skip non existing resourceDirectory C:\Users\edimi\Repositories\GitHub\labstech\getnet\getnet\src\test\resources
2020-06-30 01:31:56,674 [Worker-18: Launching CT0001Produto] INFO  o.e.m.c.i.embedder.EclipseLogger - Using 'UTF-8' encoding to copy filtered resources.
2020-06-30 01:31:56,674 [Worker-18: Launching CT0001Produto] INFO  o.e.m.c.i.embedder.EclipseLogger - skip non existing resourceDirectory C:\Users\edimi\Repositories\GitHub\labstech\getnet\getnet\src\main\resources
2020-06-30 01:31:56,674 [Worker-18: Launching CT0001Produto] INFO  o.e.m.c.i.embedder.EclipseLogger - Using 'UTF-8' encoding to copy filtered resources.
2020-06-30 01:31:56,674 [Worker-18: Launching CT0001Produto] INFO  o.e.m.c.i.embedder.EclipseLogger - skip non existing resourceDirectory C:\Users\edimi\Repositories\GitHub\labstech\getnet\getnet\src\test\resources
2020-06-30 01:32:31,237 [Worker-25: Building workspace] INFO  o.e.m.c.i.embedder.EclipseLogger - Using 'UTF-8' encoding to copy filtered resources.
2020-06-30 01:32:31,237 [Worker-25: Building workspace] INFO  o.e.m.c.i.embedder.EclipseLogger - skip non existing resourceDirectory C:\Users\edimi\Repositories\GitHub\labstech\getnet\getnet\src\main\resources
2020-06-30 01:32:31,237 [Worker-25: Building workspace] INFO  o.e.m.c.i.embedder.EclipseLogger - Using 'UTF-8' encoding to copy filtered resources.
2020-06-30 01:32:31,237 [Worker-25: Building workspace] INFO  o.e.m.c.i.embedder.EclipseLogger - skip non existing resourceDirectory C:\Users\edimi\Repositories\GitHub\labstech\getnet\getnet\src\test\resources
2020-06-30 01:32:41,632 [Worker-25: Building workspace] INFO  o.e.m.c.i.embedder.EclipseLogger - Using 'UTF-8' encoding to copy filtered resources.
2020-06-30 01:32:41,632 [Worker-25: Building workspace] INFO  o.e.m.c.i.embedder.EclipseLogger - skip non existing resourceDirectory C:\Users\edimi\Repositories\GitHub\labstech\getnet\getnet\src\main\resources
2020-06-30 01:32:41,632 [Worker-25: Building workspace] INFO  o.e.m.c.i.embedder.EclipseLogger - Using 'UTF-8' encoding to copy filtered resources.
2020-06-30 01:32:41,632 [Worker-25: Building workspace] INFO  o.e.m.c.i.embedder.EclipseLogger - skip non existing resourceDirectory C:\Users\edimi\Repositories\GitHub\labstech\getnet\getnet\src\test\resources
2020-06-30 01:34:25,258 [Worker-24: Building workspace] INFO  o.e.m.c.i.embedder.EclipseLogger - Using 'UTF-8' encoding to copy filtered resources.
2020-06-30 01:34:25,258 [Worker-24: Building workspace] INFO  o.e.m.c.i.embedder.EclipseLogger - skip non existing resourceDirectory C:\Users\edimi\Repositories\GitHub\labstech\getnet\getnet\src\main\resources
2020-06-30 01:34:25,258 [Worker-24: Building workspace] INFO  o.e.m.c.i.embedder.EclipseLogger - Using 'UTF-8' encoding to copy filtered resources.
2020-06-30 01:34:25,258 [Worker-24: Building workspace] INFO  o.e.m.c.i.embedder.EclipseLogger - skip non existing resourceDirectory C:\Users\edimi\Repositories\GitHub\labstech\getnet\getnet\src\test\resources
2020-06-30 01:35:25,362 [Worker-26: Building workspace] INFO  o.e.m.c.i.embedder.EclipseLogger - Using 'UTF-8' encoding to copy filtered resources.
2020-06-30 01:35:25,362 [Worker-26: Building workspace] INFO  o.e.m.c.i.embedder.EclipseLogger - skip non existing resourceDirectory C:\Users\edimi\Repositories\GitHub\labstech\getnet\getnet\src\main\resources
2020-06-30 01:35:25,362 [Worker-26: Building workspace] INFO  o.e.m.c.i.embedder.EclipseLogger - Using 'UTF-8' encoding to copy filtered resources.
2020-06-30 01:35:25,362 [Worker-26: Building workspace] INFO  o.e.m.c.i.embedder.EclipseLogger - skip non existing resourceDirectory C:\Users\edimi\Repositories\GitHub\labstech\getnet\getnet\src\test\resources
2020-06-30 01:37:08,477 [Worker-24: Building workspace] INFO  o.e.m.c.i.embedder.EclipseLogger - Using 'UTF-8' encoding to copy filtered resources.
2020-06-30 01:37:08,477 [Worker-24: Building workspace] INFO  o.e.m.c.i.embedder.EclipseLogger - skip non existing resourceDirectory C:\Users\edimi\Repositories\GitHub\labstech\getnet\getnet\src\main\resources
2020-06-30 01:37:08,477 [Worker-24: Building workspace] INFO  o.e.m.c.i.embedder.EclipseLogger - Using 'UTF-8' encoding to copy filtered resources.
2020-06-30 01:37:08,477 [Worker-24: Building workspace] INFO  o.e.m.c.i.embedder.EclipseLogger - skip non existing resourceDirectory C:\Users\edimi\Repositories\GitHub\labstech\getnet\getnet\src\test\resources
2020-06-30 01:37:21,252 [Worker-3: Building workspace] INFO  o.e.m.c.i.embedder.EclipseLogger - Using 'UTF-8' encoding to copy filtered resources.
2020-06-30 01:37:21,252 [Worker-3: Building workspace] INFO  o.e.m.c.i.embedder.EclipseLogger - skip non existing resourceDirectory C:\Users\edimi\Repositories\GitHub\labstech\getnet\getnet\src\main\resources
2020-06-30 01:37:21,252 [Worker-3: Building workspace] INFO  o.e.m.c.i.embedder.EclipseLogger - Using 'UTF-8' encoding to copy filtered resources.
2020-06-30 01:37:21,252 [Worker-3: Building workspace] INFO  o.e.m.c.i.embedder.EclipseLogger - skip non existing resourceDirectory C:\Users\edimi\Repositories\GitHub\labstech\getnet\getnet\src\test\resources
2020-06-30 01:37:43,037 [Worker-21: Launching CT0001PesquisarProduto] INFO  o.e.m.c.i.embedder.EclipseLogger - Using 'UTF-8' encoding to copy filtered resources.
2020-06-30 01:37:43,038 [Worker-21: Launching CT0001PesquisarProduto] INFO  o.e.m.c.i.embedder.EclipseLogger - skip non existing resourceDirectory C:\Users\edimi\Repositories\GitHub\labstech\getnet\getnet\src\main\resources
2020-06-30 01:37:43,039 [Worker-21: Launching CT0001PesquisarProduto] INFO  o.e.m.c.i.embedder.EclipseLogger - Using 'UTF-8' encoding to copy filtered resources.
2020-06-30 01:37:43,039 [Worker-21: Launching CT0001PesquisarProduto] INFO  o.e.m.c.i.embedder.EclipseLogger - skip non existing resourceDirectory C:\Users\edimi\Repositories\GitHub\labstech\getnet\getnet\src\test\resources
2020-06-30 01:41:28,458 [Worker-21: Building workspace] INFO  o.e.m.c.i.embedder.EclipseLogger - Using 'UTF-8' encoding to copy filtered resources.
2020-06-30 01:41:28,458 [Worker-21: Building workspace] INFO  o.e.m.c.i.embedder.EclipseLogger - skip non existing resourceDirectory C:\Users\edimi\Repositories\GitHub\labstech\getnet\getnet\src\main\resources
2020-06-30 01:41:28,458 [Worker-21: Building workspace] INFO  o.e.m.c.i.embedder.EclipseLogger - Using 'UTF-8' encoding to copy filtered resources.
2020-06-30 01:41:28,458 [Worker-21: Building workspace] INFO  o.e.m.c.i.embedder.EclipseLogger - skip non existing resourceDirectory C:\Users\edimi\Repositories\GitHub\labstech\getnet\getnet\src\test\resources
2020-06-30 01:42:34,791 [Worker-18: Building workspace] INFO  o.e.m.c.i.embedder.EclipseLogger - Using 'UTF-8' encoding to copy filtered resources.
2020-06-30 01:42:34,791 [Worker-18: Building workspace] INFO  o.e.m.c.i.embedder.EclipseLogger - skip non existing resourceDirectory C:\Users\edimi\Repositories\GitHub\labstech\getnet\getnet\src\main\resources
2020-06-30 01:42:34,791 [Worker-18: Building workspace] INFO  o.e.m.c.i.embedder.EclipseLogger - Using 'UTF-8' encoding to copy filtered resources.
2020-06-30 01:42:34,791 [Worker-18: Building workspace] INFO  o.e.m.c.i.embedder.EclipseLogger - skip non existing resourceDirectory C:\Users\edimi\Repositories\GitHub\labstech\getnet\getnet\src\test\resources
2020-06-30 01:43:17,945 [Worker-23: Building workspace] INFO  o.e.m.c.i.embedder.EclipseLogger - Using 'UTF-8' encoding to copy filtered resources.
2020-06-30 01:43:17,945 [Worker-23: Building workspace] INFO  o.e.m.c.i.embedder.EclipseLogger - skip non existing resourceDirectory C:\Users\edimi\Repositories\GitHub\labstech\getnet\getnet\src\main\resources
2020-06-30 01:43:17,945 [Worker-23: Building workspace] INFO  o.e.m.c.i.embedder.EclipseLogger - Using 'UTF-8' encoding to copy filtered resources.
2020-06-30 01:43:17,945 [Worker-23: Building workspace] INFO  o.e.m.c.i.embedder.EclipseLogger - skip non existing resourceDirectory C:\Users\edimi\Repositories\GitHub\labstech\getnet\getnet\src\test\resources
2020-06-30 01:44:42,168 [Worker-12: Building workspace] INFO  o.e.m.c.i.embedder.EclipseLogger - Using 'UTF-8' encoding to copy filtered resources.
2020-06-30 01:44:42,168 [Worker-12: Building workspace] INFO  o.e.m.c.i.embedder.EclipseLogger - skip non existing resourceDirectory C:\Users\edimi\Repositories\GitHub\labstech\getnet\getnet\src\main\resources
2020-06-30 01:44:42,169 [Worker-12: Building workspace] INFO  o.e.m.c.i.embedder.EclipseLogger - Using 'UTF-8' encoding to copy filtered resources.
2020-06-30 01:44:42,169 [Worker-12: Building workspace] INFO  o.e.m.c.i.embedder.EclipseLogger - skip non existing resourceDirectory C:\Users\edimi\Repositories\GitHub\labstech\getnet\getnet\src\test\resources
2020-06-30 01:46:28,448 [Worker-26: Building workspace] INFO  o.e.m.c.i.embedder.EclipseLogger - Using 'UTF-8' encoding to copy filtered resources.
2020-06-30 01:46:28,448 [Worker-26: Building workspace] INFO  o.e.m.c.i.embedder.EclipseLogger - skip non existing resourceDirectory C:\Users\edimi\Repositories\GitHub\labstech\getnet\getnet\src\main\resources
2020-06-30 01:46:28,448 [Worker-26: Building workspace] INFO  o.e.m.c.i.embedder.EclipseLogger - Using 'UTF-8' encoding to copy filtered resources.
2020-06-30 01:46:28,448 [Worker-26: Building workspace] INFO  o.e.m.c.i.embedder.EclipseLogger - skip non existing resourceDirectory C:\Users\edimi\Repositories\GitHub\labstech\getnet\getnet\src\test\resources
2020-06-30 01:48:33,445 [Worker-12: Building workspace] INFO  o.e.m.c.i.embedder.EclipseLogger - Using 'UTF-8' encoding to copy filtered resources.
2020-06-30 01:48:33,445 [Worker-12: Building workspace] INFO  o.e.m.c.i.embedder.EclipseLogger - skip non existing resourceDirectory C:\Users\edimi\Repositories\GitHub\labstech\getnet\getnet\src\main\resources
2020-06-30 01:48:33,445 [Worker-12: Building workspace] INFO  o.e.m.c.i.embedder.EclipseLogger - Using 'UTF-8' encoding to copy filtered resources.
2020-06-30 01:48:33,445 [Worker-12: Building workspace] INFO  o.e.m.c.i.embedder.EclipseLogger - skip non existing resourceDirectory C:\Users\edimi\Repositories\GitHub\labstech\getnet\getnet\src\test\resources
2020-06-30 01:49:36,760 [Worker-24: Building workspace] INFO  o.e.m.c.i.embedder.EclipseLogger - Using 'UTF-8' encoding to copy filtered resources.
2020-06-30 01:49:36,761 [Worker-24: Building workspace] INFO  o.e.m.c.i.embedder.EclipseLogger - skip non existing resourceDirectory C:\Users\edimi\Repositories\GitHub\labstech\getnet\getnet\src\main\resources
2020-06-30 01:49:36,762 [Worker-24: Building workspace] INFO  o.e.m.c.i.embedder.EclipseLogger - Using 'UTF-8' encoding to copy filtered resources.
2020-06-30 01:49:36,762 [Worker-24: Building workspace] INFO  o.e.m.c.i.embedder.EclipseLogger - skip non existing resourceDirectory C:\Users\edimi\Repositories\GitHub\labstech\getnet\getnet\src\test\resources
2020-06-30 01:50:47,742 [Worker-22: Updating Maven Dependencies] INFO  o.e.m.c.i.l.LifecycleMappingFactory - Using org.eclipse.m2e.jdt.JarLifecycleMapping lifecycle mapping for MavenProject: br.sp.edimilsonestevam:e-commerce:0.0.1-SNAPSHOT @ C:\Users\edimi\Repositories\GitHub\labsweb\e-commerce\pom.xml.
2020-06-30 01:50:50,009 [Worker-25: Building workspace] INFO  o.e.m.c.i.embedder.EclipseLogger - Using 'UTF-8' encoding to copy filtered resources.
2020-06-30 01:50:50,010 [Worker-25: Building workspace] INFO  o.e.m.c.i.embedder.EclipseLogger - skip non existing resourceDirectory C:\Users\edimi\Repositories\GitHub\labsweb\e-commerce\src\main\resources
2020-06-30 01:50:50,011 [Worker-25: Building workspace] INFO  o.e.m.c.i.embedder.EclipseLogger - Using 'UTF-8' encoding to copy filtered resources.
2020-06-30 01:50:50,011 [Worker-25: Building workspace] INFO  o.e.m.c.i.embedder.EclipseLogger - skip non existing resourceDirectory C:\Users\edimi\Repositories\GitHub\labsweb\e-commerce\src\test\resources
2020-06-30 01:52:07,787 [Worker-26: Building workspace] INFO  o.e.m.c.i.embedder.EclipseLogger - Using 'UTF-8' encoding to copy filtered resources.
2020-06-30 01:52:07,787 [Worker-26: Building workspace] INFO  o.e.m.c.i.embedder.EclipseLogger - skip non existing resourceDirectory C:\Users\edimi\Repositories\GitHub\labstech\getnet\getnet\src\main\resources
2020-06-30 01:52:07,787 [Worker-26: Building workspace] INFO  o.e.m.c.i.embedder.EclipseLogger - Using 'UTF-8' encoding to copy filtered resources.
2020-06-30 01:52:07,787 [Worker-26: Building workspace] INFO  o.e.m.c.i.embedder.EclipseLogger - skip non existing resourceDirectory C:\Users\edimi\Repositories\GitHub\labstech\getnet\getnet\src\test\resources
2020-06-30 01:52:44,440 [Worker-25: Building workspace] INFO  o.e.m.c.i.embedder.EclipseLogger - Using 'UTF-8' encoding to copy filtered resources.
2020-06-30 01:52:44,455 [Worker-25: Building workspace] INFO  o.e.m.c.i.embedder.EclipseLogger - skip non existing resourceDirectory C:\Users\edimi\Repositories\GitHub\labstech\getnet\getnet\src\main\resources
2020-06-30 01:52:44,455 [Worker-25: Building workspace] INFO  o.e.m.c.i.embedder.EclipseLogger - Using 'UTF-8' encoding to copy filtered resources.
2020-06-30 01:52:44,455 [Worker-25: Building workspace] INFO  o.e.m.c.i.embedder.EclipseLogger - skip non existing resourceDirectory C:\Users\edimi\Repositories\GitHub\labstech\getnet\getnet\src\test\resources
2020-06-30 01:52:52,935 [Worker-26: Building workspace] INFO  o.e.m.c.i.embedder.EclipseLogger - Using 'UTF-8' encoding to copy filtered resources.
2020-06-30 01:52:52,935 [Worker-26: Building workspace] INFO  o.e.m.c.i.embedder.EclipseLogger - skip non existing resourceDirectory C:\Users\edimi\Repositories\GitHub\labstech\getnet\getnet\src\main\resources
2020-06-30 01:52:52,936 [Worker-26: Building workspace] INFO  o.e.m.c.i.embedder.EclipseLogger - Using 'UTF-8' encoding to copy filtered resources.
2020-06-30 01:52:52,936 [Worker-26: Building workspace] INFO  o.e.m.c.i.embedder.EclipseLogger - skip non existing resourceDirectory C:\Users\edimi\Repositories\GitHub\labstech\getnet\getnet\src\test\resources
2020-06-30 01:53:44,884 [Worker-19: Building workspace] INFO  o.e.m.c.i.embedder.EclipseLogger - Using 'UTF-8' encoding to copy filtered resources.
2020-06-30 01:53:44,884 [Worker-19: Building workspace] INFO  o.e.m.c.i.embedder.EclipseLogger - skip non existing resourceDirectory C:\Users\edimi\Repositories\GitHub\labstech\getnet\getnet\src\main\resources
2020-06-30 01:53:44,884 [Worker-19: Building workspace] INFO  o.e.m.c.i.embedder.EclipseLogger - Using 'UTF-8' encoding to copy filtered resources.
2020-06-30 01:53:44,884 [Worker-19: Building workspace] INFO  o.e.m.c.i.embedder.EclipseLogger - skip non existing resourceDirectory C:\Users\edimi\Repositories\GitHub\labstech\getnet\getnet\src\test\resources
2020-06-30 01:54:18,881 [Worker-19: Building workspace] INFO  o.e.m.c.i.embedder.EclipseLogger - Using 'UTF-8' encoding to copy filtered resources.
2020-06-30 01:54:18,881 [Worker-19: Building workspace] INFO  o.e.m.c.i.embedder.EclipseLogger - skip non existing resourceDirectory C:\Users\edimi\Repositories\GitHub\labstech\getnet\getnet\src\main\resources
2020-06-30 01:54:18,881 [Worker-19: Building workspace] INFO  o.e.m.c.i.embedder.EclipseLogger - Using 'UTF-8' encoding to copy filtered resources.
2020-06-30 01:54:18,881 [Worker-19: Building workspace] INFO  o.e.m.c.i.embedder.EclipseLogger - skip non existing resourceDirectory C:\Users\edimi\Repositories\GitHub\labstech\getnet\getnet\src\test\resources
2020-06-30 01:54:27,603 [Worker-27: Building workspace] INFO  o.e.m.c.i.embedder.EclipseLogger - Using 'UTF-8' encoding to copy filtered resources.
2020-06-30 01:54:27,603 [Worker-27: Building workspace] INFO  o.e.m.c.i.embedder.EclipseLogger - skip non existing resourceDirectory C:\Users\edimi\Repositories\GitHub\labstech\getnet\getnet\src\main\resources
2020-06-30 01:54:27,603 [Worker-27: Building workspace] INFO  o.e.m.c.i.embedder.EclipseLogger - Using 'UTF-8' encoding to copy filtered resources.
2020-06-30 01:54:27,603 [Worker-27: Building workspace] INFO  o.e.m.c.i.embedder.EclipseLogger - skip non existing resourceDirectory C:\Users\edimi\Repositories\GitHub\labstech\getnet\getnet\src\test\resources
2020-06-30 01:54:48,014 [Worker-19: Launching CT0001PesquisaProduto] INFO  o.e.m.c.i.embedder.EclipseLogger - Using 'UTF-8' encoding to copy filtered resources.
2020-06-30 01:54:48,015 [Worker-19: Launching CT0001PesquisaProduto] INFO  o.e.m.c.i.embedder.EclipseLogger - skip non existing resourceDirectory C:\Users\edimi\Repositories\GitHub\labstech\getnet\getnet\src\main\resources
2020-06-30 01:54:48,015 [Worker-19: Launching CT0001PesquisaProduto] INFO  o.e.m.c.i.embedder.EclipseLogger - Using 'UTF-8' encoding to copy filtered resources.
2020-06-30 01:54:48,016 [Worker-19: Launching CT0001PesquisaProduto] INFO  o.e.m.c.i.embedder.EclipseLogger - skip non existing resourceDirectory C:\Users\edimi\Repositories\GitHub\labstech\getnet\getnet\src\test\resources
2020-06-30 01:56:30,491 [Worker-12: Building workspace] INFO  o.e.m.c.i.embedder.EclipseLogger - Using 'UTF-8' encoding to copy filtered resources.
2020-06-30 01:56:30,491 [Worker-12: Building workspace] INFO  o.e.m.c.i.embedder.EclipseLogger - skip non existing resourceDirectory C:\Users\edimi\Repositories\GitHub\labstech\getnet\getnet\src\main\resources
2020-06-30 01:56:30,491 [Worker-12: Building workspace] INFO  o.e.m.c.i.embedder.EclipseLogger - Using 'UTF-8' encoding to copy filtered resources.
2020-06-30 01:56:30,491 [Worker-12: Building workspace] INFO  o.e.m.c.i.embedder.EclipseLogger - skip non existing resourceDirectory C:\Users\edimi\Repositories\GitHub\labstech\getnet\getnet\src\test\resources
2020-06-30 01:57:25,606 [Worker-27: Building workspace] INFO  o.e.m.c.i.embedder.EclipseLogger - Using 'UTF-8' encoding to copy filtered resources.
2020-06-30 01:57:25,606 [Worker-27: Building workspace] INFO  o.e.m.c.i.embedder.EclipseLogger - skip non existing resourceDirectory C:\Users\edimi\Repositories\GitHub\labstech\getnet\getnet\src\main\resources
2020-06-30 01:57:25,606 [Worker-27: Building workspace] INFO  o.e.m.c.i.embedder.EclipseLogger - Using 'UTF-8' encoding to copy filtered resources.
2020-06-30 01:57:25,606 [Worker-27: Building workspace] INFO  o.e.m.c.i.embedder.EclipseLogger - skip non existing resourceDirectory C:\Users\edimi\Repositories\GitHub\labstech\getnet\getnet\src\test\resources
2020-06-30 01:58:00,907 [Worker-19: Building workspace] INFO  o.e.m.c.i.embedder.EclipseLogger - Using 'UTF-8' encoding to copy filtered resources.
2020-06-30 01:58:00,908 [Worker-19: Building workspace] INFO  o.e.m.c.i.embedder.EclipseLogger - skip non existing resourceDirectory C:\Users\edimi\Repositories\GitHub\labstech\getnet\getnet\src\main\resources
2020-06-30 01:58:00,908 [Worker-19: Building workspace] INFO  o.e.m.c.i.embedder.EclipseLogger - Using 'UTF-8' encoding to copy filtered resources.
2020-06-30 01:58:00,908 [Worker-19: Building workspace] INFO  o.e.m.c.i.embedder.EclipseLogger - skip non existing resourceDirectory C:\Users\edimi\Repositories\GitHub\labstech\getnet\getnet\src\test\resources
2020-06-30 02:01:08,849 [Worker-28: Building workspace] INFO  o.e.m.c.i.embedder.EclipseLogger - Using 'UTF-8' encoding to copy filtered resources.
2020-06-30 02:01:08,849 [Worker-28: Building workspace] INFO  o.e.m.c.i.embedder.EclipseLogger - skip non existing resourceDirectory C:\Users\edimi\Repositories\GitHub\labstech\getnet\getnet\src\main\resources
2020-06-30 02:01:08,850 [Worker-28: Building workspace] INFO  o.e.m.c.i.embedder.EclipseLogger - Using 'UTF-8' encoding to copy filtered resources.
2020-06-30 02:01:08,850 [Worker-28: Building workspace] INFO  o.e.m.c.i.embedder.EclipseLogger - skip non existing resourceDirectory C:\Users\edimi\Repositories\GitHub\labstech\getnet\getnet\src\test\resources
2020-06-30 02:04:41,336 [Worker-29: Building workspace] INFO  o.e.m.c.i.embedder.EclipseLogger - Using 'UTF-8' encoding to copy filtered resources.
2020-06-30 02:04:41,336 [Worker-29: Building workspace] INFO  o.e.m.c.i.embedder.EclipseLogger - skip non existing resourceDirectory C:\Users\edimi\Repositories\GitHub\labstech\getnet\getnet\src\main\resources
2020-06-30 02:04:41,336 [Worker-29: Building workspace] INFO  o.e.m.c.i.embedder.EclipseLogger - Using 'UTF-8' encoding to copy filtered resources.
2020-06-30 02:04:41,336 [Worker-29: Building workspace] INFO  o.e.m.c.i.embedder.EclipseLogger - skip non existing resourceDirectory C:\Users\edimi\Repositories\GitHub\labstech\getnet\getnet\src\test\resources
2020-06-30 02:05:31,278 [Worker-29: Building workspace] INFO  o.e.m.c.i.embedder.EclipseLogger - Using 'UTF-8' encoding to copy filtered resources.
2020-06-30 02:05:31,278 [Worker-29: Building workspace] INFO  o.e.m.c.i.embedder.EclipseLogger - skip non existing resourceDirectory C:\Users\edimi\Repositories\GitHub\labstech\getnet\getnet\src\main\resources
2020-06-30 02:05:31,278 [Worker-29: Building workspace] INFO  o.e.m.c.i.embedder.EclipseLogger - Using 'UTF-8' encoding to copy filtered resources.
2020-06-30 02:05:31,278 [Worker-29: Building workspace] INFO  o.e.m.c.i.embedder.EclipseLogger - skip non existing resourceDirectory C:\Users\edimi\Repositories\GitHub\labstech\getnet\getnet\src\test\resources
2020-06-30 02:08:15,000 [Worker-25: Building workspace] INFO  o.e.m.c.i.embedder.EclipseLogger - Using 'UTF-8' encoding to copy filtered resources.
2020-06-30 02:08:15,000 [Worker-25: Building workspace] INFO  o.e.m.c.i.embedder.EclipseLogger - skip non existing resourceDirectory C:\Users\edimi\Repositories\GitHub\labstech\getnet\getnet\src\main\resources
2020-06-30 02:08:15,000 [Worker-25: Building workspace] INFO  o.e.m.c.i.embedder.EclipseLogger - Using 'UTF-8' encoding to copy filtered resources.
2020-06-30 02:08:15,000 [Worker-25: Building workspace] INFO  o.e.m.c.i.embedder.EclipseLogger - skip non existing resourceDirectory C:\Users\edimi\Repositories\GitHub\labstech\getnet\getnet\src\test\resources
2020-06-30 02:08:22,072 [Worker-25: Building workspace] INFO  o.e.m.c.i.embedder.EclipseLogger - Using 'UTF-8' encoding to copy filtered resources.
2020-06-30 02:08:22,072 [Worker-25: Building workspace] INFO  o.e.m.c.i.embedder.EclipseLogger - skip non existing resourceDirectory C:\Users\edimi\Repositories\GitHub\labstech\getnet\getnet\src\main\resources
2020-06-30 02:08:22,073 [Worker-25: Building workspace] INFO  o.e.m.c.i.embedder.EclipseLogger - Using 'UTF-8' encoding to copy filtered resources.
2020-06-30 02:08:22,073 [Worker-25: Building workspace] INFO  o.e.m.c.i.embedder.EclipseLogger - skip non existing resourceDirectory C:\Users\edimi\Repositories\GitHub\labstech\getnet\getnet\src\test\resources
2020-06-30 02:08:41,330 [Worker-25: Building workspace] INFO  o.e.m.c.i.embedder.EclipseLogger - Using 'UTF-8' encoding to copy filtered resources.
2020-06-30 02:08:41,330 [Worker-25: Building workspace] INFO  o.e.m.c.i.embedder.EclipseLogger - skip non existing resourceDirectory C:\Users\edimi\Repositories\GitHub\labstech\getnet\getnet\src\main\resources
2020-06-30 02:08:41,330 [Worker-25: Building workspace] INFO  o.e.m.c.i.embedder.EclipseLogger - Using 'UTF-8' encoding to copy filtered resources.
2020-06-30 02:08:41,330 [Worker-25: Building workspace] INFO  o.e.m.c.i.embedder.EclipseLogger - skip non existing resourceDirectory C:\Users\edimi\Repositories\GitHub\labstech\getnet\getnet\src\test\resources
2020-06-30 02:10:28,877 [Worker-33: Building workspace] INFO  o.e.m.c.i.embedder.EclipseLogger - Using 'UTF-8' encoding to copy filtered resources.
2020-06-30 02:10:28,877 [Worker-33: Building workspace] INFO  o.e.m.c.i.embedder.EclipseLogger - skip non existing resourceDirectory C:\Users\edimi\Repositories\GitHub\labstech\getnet\getnet\src\main\resources
2020-06-30 02:10:28,877 [Worker-33: Building workspace] INFO  o.e.m.c.i.embedder.EclipseLogger - Using 'UTF-8' encoding to copy filtered resources.
2020-06-30 02:10:28,877 [Worker-33: Building workspace] INFO  o.e.m.c.i.embedder.EclipseLogger - skip non existing resourceDirectory C:\Users\edimi\Repositories\GitHub\labstech\getnet\getnet\src\test\resources
2020-06-30 02:13:05,746 [Worker-29: Building workspace] INFO  o.e.m.c.i.embedder.EclipseLogger - Using 'UTF-8' encoding to copy filtered resources.
2020-06-30 02:13:05,746 [Worker-29: Building workspace] INFO  o.e.m.c.i.embedder.EclipseLogger - skip non existing resourceDirectory C:\Users\edimi\Repositories\GitHub\labstech\getnet\getnet\src\main\resources
2020-06-30 02:13:05,746 [Worker-29: Building workspace] INFO  o.e.m.c.i.embedder.EclipseLogger - Using 'UTF-8' encoding to copy filtered resources.
2020-06-30 02:13:05,746 [Worker-29: Building workspace] INFO  o.e.m.c.i.embedder.EclipseLogger - skip non existing resourceDirectory C:\Users\edimi\Repositories\GitHub\labstech\getnet\getnet\src\test\resources
2020-06-30 01:34:00,325 [Worker-3: Loading available Gradle versions] INFO  o.e.b.c.i.u.g.PublishedGradleVersions - Gradle version information cache is up-to-date. Trying to read.
2020-06-30 01:35:00,172 [Worker-11: Building workspace] INFO  o.e.m.c.i.embedder.EclipseLogger - Using 'UTF-8' encoding to copy filtered resources.
2020-06-30 01:35:00,174 [Worker-11: Building workspace] INFO  o.e.m.c.i.embedder.EclipseLogger - skip non existing resourceDirectory C:\Users\edimi\Repositories\GitHub\labstech\getnet\getnet\src\main\resources
2020-06-30 01:35:00,175 [Worker-11: Building workspace] INFO  o.e.m.c.i.embedder.EclipseLogger - Using 'UTF-8' encoding to copy filtered resources.
2020-06-30 01:35:00,175 [Worker-11: Building workspace] INFO  o.e.m.c.i.embedder.EclipseLogger - skip non existing resourceDirectory C:\Users\edimi\Repositories\GitHub\labstech\getnet\getnet\src\test\resources
2020-06-30 01:35:12,932 [Worker-4: Building workspace] INFO  o.e.m.c.i.embedder.EclipseLogger - Using 'UTF-8' encoding to copy filtered resources.
2020-06-30 01:35:12,933 [Worker-4: Building workspace] INFO  o.e.m.c.i.embedder.EclipseLogger - skip non existing resourceDirectory C:\Users\edimi\Repositories\GitHub\labstech\getnet\getnet\src\main\resources
2020-06-30 01:35:12,935 [Worker-4: Building workspace] INFO  o.e.m.c.i.embedder.EclipseLogger - Using 'UTF-8' encoding to copy filtered resources.
2020-06-30 01:35:12,936 [Worker-4: Building workspace] INFO  o.e.m.c.i.embedder.EclipseLogger - skip non existing resourceDirectory C:\Users\edimi\Repositories\GitHub\labstech\getnet\getnet\src\test\resources
2020-06-30 01:35:26,024 [Worker-13: Building workspace] INFO  o.e.m.c.i.embedder.EclipseLogger - Using 'UTF-8' encoding to copy filtered resources.
2020-06-30 01:35:26,024 [Worker-13: Building workspace] INFO  o.e.m.c.i.embedder.EclipseLogger - skip non existing resourceDirectory C:\Users\edimi\Repositories\GitHub\labstech\getnet\getnet\src\main\resources
2020-06-30 01:35:26,026 [Worker-13: Building workspace] INFO  o.e.m.c.i.embedder.EclipseLogger - Using 'UTF-8' encoding to copy filtered resources.
2020-06-30 01:35:26,027 [Worker-13: Building workspace] INFO  o.e.m.c.i.embedder.EclipseLogger - skip non existing resourceDirectory C:\Users\edimi\Repositories\GitHub\labstech\getnet\getnet\src\test\resources
2020-06-30 01:35:38,990 [Worker-7: Building workspace] INFO  o.e.m.c.i.embedder.EclipseLogger - Using 'UTF-8' encoding to copy filtered resources.
2020-06-30 01:35:38,991 [Worker-7: Building workspace] INFO  o.e.m.c.i.embedder.EclipseLogger - skip non existing resourceDirectory C:\Users\edimi\Repositories\GitHub\labstech\getnet\getnet\src\main\resources
2020-06-30 01:35:38,993 [Worker-7: Building workspace] INFO  o.e.m.c.i.embedder.EclipseLogger - Using 'UTF-8' encoding to copy filtered resources.
2020-06-30 01:35:38,993 [Worker-7: Building workspace] INFO  o.e.m.c.i.embedder.EclipseLogger - skip non existing resourceDirectory C:\Users\edimi\Repositories\GitHub\labstech\getnet\getnet\src\test\resources
2020-06-30 01:35:51,504 [Worker-5: Building workspace] INFO  o.e.m.c.i.embedder.EclipseLogger - Using 'UTF-8' encoding to copy filtered resources.
2020-06-30 01:35:51,504 [Worker-5: Building workspace] INFO  o.e.m.c.i.embedder.EclipseLogger - skip non existing resourceDirectory C:\Users\edimi\Repositories\GitHub\labstech\getnet\getnet\src\main\resources
2020-06-30 01:35:51,506 [Worker-5: Building workspace] INFO  o.e.m.c.i.embedder.EclipseLogger - Using 'UTF-8' encoding to copy filtered resources.
2020-06-30 01:35:51,506 [Worker-5: Building workspace] INFO  o.e.m.c.i.embedder.EclipseLogger - skip non existing resourceDirectory C:\Users\edimi\Repositories\GitHub\labstech\getnet\getnet\src\test\resources
2020-06-30 01:40:26,218 [Worker-13: Building workspace] INFO  o.e.m.c.i.embedder.EclipseLogger - Using 'UTF-8' encoding to copy filtered resources.
2020-06-30 01:40:26,333 [Worker-13: Building workspace] INFO  o.e.m.c.i.embedder.EclipseLogger - skip non existing resourceDirectory C:\Users\edimi\Repositories\GitHub\labstech\getnet\getnet\src\main\resources
2020-06-30 01:40:26,335 [Worker-13: Building workspace] INFO  o.e.m.c.i.embedder.EclipseLogger - Using 'UTF-8' encoding to copy filtered resources.
2020-06-30 01:40:26,335 [Worker-13: Building workspace] INFO  o.e.m.c.i.embedder.EclipseLogger - skip non existing resourceDirectory C:\Users\edimi\Repositories\GitHub\labstech\getnet\getnet\src\test\resources
2020-06-30 01:41:12,096 [Worker-1: Building workspace] INFO  o.e.m.c.i.embedder.EclipseLogger - Using 'UTF-8' encoding to copy filtered resources.
2020-06-30 01:41:12,097 [Worker-1: Building workspace] INFO  o.e.m.c.i.embedder.EclipseLogger - skip non existing resourceDirectory C:\Users\edimi\Repositories\GitHub\labstech\getnet\getnet\src\main\resources
2020-06-30 01:41:12,098 [Worker-1: Building workspace] INFO  o.e.m.c.i.embedder.EclipseLogger - Using 'UTF-8' encoding to copy filtered resources.
2020-06-30 01:41:12,098 [Worker-1: Building workspace] INFO  o.e.m.c.i.embedder.EclipseLogger - skip non existing resourceDirectory C:\Users\edimi\Repositories\GitHub\labstech\getnet\getnet\src\test\resources
2020-06-30 01:49:43,508 [Worker-16: Building workspace] INFO  o.e.m.c.i.embedder.EclipseLogger - Using 'UTF-8' encoding to copy filtered resources.
2020-06-30 01:49:43,509 [Worker-16: Building workspace] INFO  o.e.m.c.i.embedder.EclipseLogger - skip non existing resourceDirectory C:\Users\edimi\Repositories\GitHub\labstech\getnet\getnet\src\main\resources
2020-06-30 01:49:43,510 [Worker-16: Building workspace] INFO  o.e.m.c.i.embedder.EclipseLogger - Using 'UTF-8' encoding to copy filtered resources.
2020-06-30 01:49:43,511 [Worker-16: Building workspace] INFO  o.e.m.c.i.embedder.EclipseLogger - skip non existing resourceDirectory C:\Users\edimi\Repositories\GitHub\labstech\getnet\getnet\src\test\resources
2020-06-30 01:51:51,406 [Worker-1: Building workspace] INFO  o.e.m.c.i.embedder.EclipseLogger - Using 'UTF-8' encoding to copy filtered resources.
2020-06-30 01:51:51,406 [Worker-1: Building workspace] INFO  o.e.m.c.i.embedder.EclipseLogger - skip non existing resourceDirectory C:\Users\edimi\Repositories\GitHub\labstech\getnet\getnet\src\main\resources
2020-06-30 01:51:51,408 [Worker-1: Building workspace] INFO  o.e.m.c.i.embedder.EclipseLogger - Using 'UTF-8' encoding to copy filtered resources.
2020-06-30 01:51:51,408 [Worker-1: Building workspace] INFO  o.e.m.c.i.embedder.EclipseLogger - skip non existing resourceDirectory C:\Users\edimi\Repositories\GitHub\labstech\getnet\getnet\src\test\resources
2020-06-30 01:51:52,571 [Worker-16: Building workspace] INFO  o.e.m.c.i.embedder.EclipseLogger - Using 'UTF-8' encoding to copy filtered resources.
2020-06-30 01:51:52,571 [Worker-16: Building workspace] INFO  o.e.m.c.i.embedder.EclipseLogger - skip non existing resourceDirectory C:\Users\edimi\Repositories\GitHub\labstech\getnet\getnet\src\main\resources
2020-06-30 01:51:52,573 [Worker-16: Building workspace] INFO  o.e.m.c.i.embedder.EclipseLogger - Using 'UTF-8' encoding to copy filtered resources.
2020-06-30 01:51:52,573 [Worker-16: Building workspace] INFO  o.e.m.c.i.embedder.EclipseLogger - skip non existing resourceDirectory C:\Users\edimi\Repositories\GitHub\labstech\getnet\getnet\src\test\resources
2020-06-30 01:55:49,341 [Worker-16: Building workspace] INFO  o.e.m.c.i.embedder.EclipseLogger - Using 'UTF-8' encoding to copy filtered resources.
2020-06-30 01:55:49,341 [Worker-16: Building workspace] INFO  o.e.m.c.i.embedder.EclipseLogger - skip non existing resourceDirectory C:\Users\edimi\Repositories\GitHub\labstech\getnet\getnet\src\main\resources
2020-06-30 01:55:49,342 [Worker-16: Building workspace] INFO  o.e.m.c.i.embedder.EclipseLogger - Using 'UTF-8' encoding to copy filtered resources.
2020-06-30 01:55:49,342 [Worker-16: Building workspace] INFO  o.e.m.c.i.embedder.EclipseLogger - skip non existing resourceDirectory C:\Users\edimi\Repositories\GitHub\labstech\getnet\getnet\src\test\resources
2020-06-30 01:55:50,376 [Worker-23: Building workspace] INFO  o.e.m.c.i.embedder.EclipseLogger - Using 'UTF-8' encoding to copy filtered resources.
2020-06-30 01:55:50,377 [Worker-23: Building workspace] INFO  o.e.m.c.i.embedder.EclipseLogger - skip non existing resourceDirectory C:\Users\edimi\Repositories\GitHub\labstech\getnet\getnet\src\main\resources
2020-06-30 01:55:50,378 [Worker-23: Building workspace] INFO  o.e.m.c.i.embedder.EclipseLogger - Using 'UTF-8' encoding to copy filtered resources.
2020-06-30 01:55:50,379 [Worker-23: Building workspace] INFO  o.e.m.c.i.embedder.EclipseLogger - skip non existing resourceDirectory C:\Users\edimi\Repositories\GitHub\labstech\getnet\getnet\src\test\resources
2020-06-30 01:57:50,358 [Worker-18: Building workspace] INFO  o.e.m.c.i.embedder.EclipseLogger - Using 'UTF-8' encoding to copy filtered resources.
2020-06-30 01:57:50,358 [Worker-18: Building workspace] INFO  o.e.m.c.i.embedder.EclipseLogger - skip non existing resourceDirectory C:\Users\edimi\Repositories\GitHub\labstech\getnet\getnet\src\main\resources
2020-06-30 01:57:50,359 [Worker-18: Building workspace] INFO  o.e.m.c.i.embedder.EclipseLogger - Using 'UTF-8' encoding to copy filtered resources.
2020-06-30 01:57:50,359 [Worker-18: Building workspace] INFO  o.e.m.c.i.embedder.EclipseLogger - skip non existing resourceDirectory C:\Users\edimi\Repositories\GitHub\labstech\getnet\getnet\src\test\resources
2020-06-30 01:57:51,393 [Worker-25: Building workspace] INFO  o.e.m.c.i.embedder.EclipseLogger - Using 'UTF-8' encoding to copy filtered resources.
2020-06-30 01:57:51,393 [Worker-25: Building workspace] INFO  o.e.m.c.i.embedder.EclipseLogger - skip non existing resourceDirectory C:\Users\edimi\Repositories\GitHub\labstech\getnet\getnet\src\main\resources
2020-06-30 01:57:51,394 [Worker-25: Building workspace] INFO  o.e.m.c.i.embedder.EclipseLogger - Using 'UTF-8' encoding to copy filtered resources.
2020-06-30 01:57:51,394 [Worker-25: Building workspace] INFO  o.e.m.c.i.embedder.EclipseLogger - skip non existing resourceDirectory C:\Users\edimi\Repositories\GitHub\labstech\getnet\getnet\src\test\resources
2020-06-30 01:59:02,137 [Worker-25: Building workspace] INFO  o.e.m.c.i.embedder.EclipseLogger - Using 'UTF-8' encoding to copy filtered resources.
2020-06-30 01:59:02,138 [Worker-25: Building workspace] INFO  o.e.m.c.i.embedder.EclipseLogger - skip non existing resourceDirectory C:\Users\edimi\Repositories\GitHub\labstech\getnet\getnet\src\main\resources
2020-06-30 01:59:02,139 [Worker-25: Building workspace] INFO  o.e.m.c.i.embedder.EclipseLogger - Using 'UTF-8' encoding to copy filtered resources.
2020-06-30 01:59:02,139 [Worker-25: Building workspace] INFO  o.e.m.c.i.embedder.EclipseLogger - skip non existing resourceDirectory C:\Users\edimi\Repositories\GitHub\labstech\getnet\getnet\src\test\resources
2020-06-30 02:00:57,484 [Worker-22: Building workspace] INFO  o.e.m.c.i.embedder.EclipseLogger - Using 'UTF-8' encoding to copy filtered resources.
2020-06-30 02:00:57,484 [Worker-22: Building workspace] INFO  o.e.m.c.i.embedder.EclipseLogger - skip non existing resourceDirectory C:\Users\edimi\Repositories\GitHub\labstech\getnet\getnet\src\main\resources
2020-06-30 02:00:57,485 [Worker-22: Building workspace] INFO  o.e.m.c.i.embedder.EclipseLogger - Using 'UTF-8' encoding to copy filtered resources.
2020-06-30 02:00:57,486 [Worker-22: Building workspace] INFO  o.e.m.c.i.embedder.EclipseLogger - skip non existing resourceDirectory C:\Users\edimi\Repositories\GitHub\labstech\getnet\getnet\src\test\resources
2020-06-30 02:00:58,601 [Worker-16: Building workspace] INFO  o.e.m.c.i.embedder.EclipseLogger - Using 'UTF-8' encoding to copy filtered resources.
2020-06-30 02:00:58,601 [Worker-16: Building workspace] INFO  o.e.m.c.i.embedder.EclipseLogger - skip non existing resourceDirectory C:\Users\edimi\Repositories\GitHub\labstech\getnet\getnet\src\main\resources
2020-06-30 02:00:58,602 [Worker-16: Building workspace] INFO  o.e.m.c.i.embedder.EclipseLogger - Using 'UTF-8' encoding to copy filtered resources.
2020-06-30 02:00:58,602 [Worker-16: Building workspace] INFO  o.e.m.c.i.embedder.EclipseLogger - skip non existing resourceDirectory C:\Users\edimi\Repositories\GitHub\labstech\getnet\getnet\src\test\resources
2020-06-30 02:01:41,225 [Worker-26: Building workspace] INFO  o.e.m.c.i.embedder.EclipseLogger - Using 'UTF-8' encoding to copy filtered resources.
2020-06-30 02:01:41,225 [Worker-26: Building workspace] INFO  o.e.m.c.i.embedder.EclipseLogger - skip non existing resourceDirectory C:\Users\edimi\Repositories\GitHub\labstech\getnet\getnet\src\main\resources
2020-06-30 02:01:41,226 [Worker-26: Building workspace] INFO  o.e.m.c.i.embedder.EclipseLogger - Using 'UTF-8' encoding to copy filtered resources.
2020-06-30 02:01:41,226 [Worker-26: Building workspace] INFO  o.e.m.c.i.embedder.EclipseLogger - skip non existing resourceDirectory C:\Users\edimi\Repositories\GitHub\labstech\getnet\getnet\src\test\resources
2020-06-30 02:03:32,611 [Worker-27: Building workspace] INFO  o.e.m.c.i.embedder.EclipseLogger - Using 'UTF-8' encoding to copy filtered resources.
2020-06-30 02:03:32,611 [Worker-27: Building workspace] INFO  o.e.m.c.i.embedder.EclipseLogger - skip non existing resourceDirectory C:\Users\edimi\Repositories\GitHub\labstech\getnet\getnet\src\main\resources
2020-06-30 02:03:32,612 [Worker-27: Building workspace] INFO  o.e.m.c.i.embedder.EclipseLogger - Using 'UTF-8' encoding to copy filtered resources.
2020-06-30 02:03:32,613 [Worker-27: Building workspace] INFO  o.e.m.c.i.embedder.EclipseLogger - skip non existing resourceDirectory C:\Users\edimi\Repositories\GitHub\labstech\getnet\getnet\src\test\resources
2020-06-30 02:03:33,634 [Worker-18: Building workspace] INFO  o.e.m.c.i.embedder.EclipseLogger - Using 'UTF-8' encoding to copy filtered resources.
2020-06-30 02:03:33,635 [Worker-18: Building workspace] INFO  o.e.m.c.i.embedder.EclipseLogger - skip non existing resourceDirectory C:\Users\edimi\Repositories\GitHub\labstech\getnet\getnet\src\main\resources
2020-06-30 02:03:33,636 [Worker-18: Building workspace] INFO  o.e.m.c.i.embedder.EclipseLogger - Using 'UTF-8' encoding to copy filtered resources.
2020-06-30 02:03:33,636 [Worker-18: Building workspace] INFO  o.e.m.c.i.embedder.EclipseLogger - skip non existing resourceDirectory C:\Users\edimi\Repositories\GitHub\labstech\getnet\getnet\src\test\resources
2020-06-30 02:03:54,061 [Worker-27: Building workspace] INFO  o.e.m.c.i.embedder.EclipseLogger - Using 'UTF-8' encoding to copy filtered resources.
2020-06-30 02:03:54,061 [Worker-27: Building workspace] INFO  o.e.m.c.i.embedder.EclipseLogger - skip non existing resourceDirectory C:\Users\edimi\Repositories\GitHub\labstech\getnet\getnet\src\main\resources
2020-06-30 02:03:54,062 [Worker-27: Building workspace] INFO  o.e.m.c.i.embedder.EclipseLogger - Using 'UTF-8' encoding to copy filtered resources.
2020-06-30 02:03:54,062 [Worker-27: Building workspace] INFO  o.e.m.c.i.embedder.EclipseLogger - skip non existing resourceDirectory C:\Users\edimi\Repositories\GitHub\labstech\getnet\getnet\src\test\resources
2020-06-30 02:04:47,676 [Worker-31: Building workspace] INFO  o.e.m.c.i.embedder.EclipseLogger - Using 'UTF-8' encoding to copy filtered resources.
2020-06-30 02:04:47,677 [Worker-31: Building workspace] INFO  o.e.m.c.i.embedder.EclipseLogger - skip non existing resourceDirectory C:\Users\edimi\Repositories\GitHub\labstech\getnet\getnet\src\main\resources
2020-06-30 02:04:47,678 [Worker-31: Building workspace] INFO  o.e.m.c.i.embedder.EclipseLogger - Using 'UTF-8' encoding to copy filtered resources.
2020-06-30 02:04:47,678 [Worker-31: Building workspace] INFO  o.e.m.c.i.embedder.EclipseLogger - skip non existing resourceDirectory C:\Users\edimi\Repositories\GitHub\labstech\getnet\getnet\src\test\resources
2020-06-30 02:04:48,693 [Worker-29: Building workspace] INFO  o.e.m.c.i.embedder.EclipseLogger - Using 'UTF-8' encoding to copy filtered resources.
2020-06-30 02:04:48,694 [Worker-29: Building workspace] INFO  o.e.m.c.i.embedder.EclipseLogger - skip non existing resourceDirectory C:\Users\edimi\Repositories\GitHub\labstech\getnet\getnet\src\main\resources
2020-06-30 02:04:48,694 [Worker-29: Building workspace] INFO  o.e.m.c.i.embedder.EclipseLogger - Using 'UTF-8' encoding to copy filtered resources.
2020-06-30 02:04:48,695 [Worker-29: Building workspace] INFO  o.e.m.c.i.embedder.EclipseLogger - skip non existing resourceDirectory C:\Users\edimi\Repositories\GitHub\labstech\getnet\getnet\src\test\resources
2020-06-30 02:05:56,271 [Worker-31: Building workspace] INFO  o.e.m.c.i.embedder.EclipseLogger - Using 'UTF-8' encoding to copy filtered resources.
2020-06-30 02:05:56,271 [Worker-31: Building workspace] INFO  o.e.m.c.i.embedder.EclipseLogger - skip non existing resourceDirectory C:\Users\edimi\Repositories\GitHub\labstech\getnet\getnet\src\main\resources
2020-06-30 02:05:56,272 [Worker-31: Building workspace] INFO  o.e.m.c.i.embedder.EclipseLogger - Using 'UTF-8' encoding to copy filtered resources.
2020-06-30 02:05:56,272 [Worker-31: Building workspace] INFO  o.e.m.c.i.embedder.EclipseLogger - skip non existing resourceDirectory C:\Users\edimi\Repositories\GitHub\labstech\getnet\getnet\src\test\resources
2020-06-30 02:05:57,291 [Worker-25: Building workspace] INFO  o.e.m.c.i.embedder.EclipseLogger - Using 'UTF-8' encoding to copy filtered resources.
2020-06-30 02:05:57,291 [Worker-25: Building workspace] INFO  o.e.m.c.i.embedder.EclipseLogger - skip non existing resourceDirectory C:\Users\edimi\Repositories\GitHub\labstech\getnet\getnet\src\main\resources
2020-06-30 02:05:57,292 [Worker-25: Building workspace] INFO  o.e.m.c.i.embedder.EclipseLogger - Using 'UTF-8' encoding to copy filtered resources.
2020-06-30 02:05:57,292 [Worker-25: Building workspace] INFO  o.e.m.c.i.embedder.EclipseLogger - skip non existing resourceDirectory C:\Users\edimi\Repositories\GitHub\labstech\getnet\getnet\src\test\resources
2020-06-30 02:08:34,232 [Worker-32: Building workspace] INFO  o.e.m.c.i.embedder.EclipseLogger - Using 'UTF-8' encoding to copy filtered resources.
2020-06-30 02:08:34,232 [Worker-32: Building workspace] INFO  o.e.m.c.i.embedder.EclipseLogger - skip non existing resourceDirectory C:\Users\edimi\Repositories\GitHub\labstech\getnet\getnet\src\main\resources
2020-06-30 02:08:34,233 [Worker-32: Building workspace] INFO  o.e.m.c.i.embedder.EclipseLogger - Using 'UTF-8' encoding to copy filtered resources.
2020-06-30 02:08:34,234 [Worker-32: Building workspace] INFO  o.e.m.c.i.embedder.EclipseLogger - skip non existing resourceDirectory C:\Users\edimi\Repositories\GitHub\labstech\getnet\getnet\src\test\resources
2020-06-30 02:08:35,305 [Worker-27: Building workspace] INFO  o.e.m.c.i.embedder.EclipseLogger - Using 'UTF-8' encoding to copy filtered resources.
2020-06-30 02:08:35,306 [Worker-27: Building workspace] INFO  o.e.m.c.i.embedder.EclipseLogger - skip non existing resourceDirectory C:\Users\edimi\Repositories\GitHub\labstech\getnet\getnet\src\main\resources
2020-06-30 02:08:35,306 [Worker-27: Building workspace] INFO  o.e.m.c.i.embedder.EclipseLogger - Using 'UTF-8' encoding to copy filtered resources.
2020-06-30 02:08:35,307 [Worker-27: Building workspace] INFO  o.e.m.c.i.embedder.EclipseLogger - skip non existing resourceDirectory C:\Users\edimi\Repositories\GitHub\labstech\getnet\getnet\src\test\resources
2020-06-30 02:12:00,522 [Worker-28: Building workspace] INFO  o.e.m.c.i.embedder.EclipseLogger - Using 'UTF-8' encoding to copy filtered resources.
2020-06-30 02:12:00,522 [Worker-28: Building workspace] INFO  o.e.m.c.i.embedder.EclipseLogger - skip non existing resourceDirectory C:\Users\edimi\Repositories\GitHub\labstech\getnet\getnet\src\main\resources
2020-06-30 02:12:00,523 [Worker-28: Building workspace] INFO  o.e.m.c.i.embedder.EclipseLogger - Using 'UTF-8' encoding to copy filtered resources.
2020-06-30 02:12:00,523 [Worker-28: Building workspace] INFO  o.e.m.c.i.embedder.EclipseLogger - skip non existing resourceDirectory C:\Users\edimi\Repositories\GitHub\labstech\getnet\getnet\src\test\resources
2020-06-30 02:12:01,543 [Worker-32: Building workspace] INFO  o.e.m.c.i.embedder.EclipseLogger - Using 'UTF-8' encoding to copy filtered resources.
2020-06-30 02:12:01,543 [Worker-32: Building workspace] INFO  o.e.m.c.i.embedder.EclipseLogger - skip non existing resourceDirectory C:\Users\edimi\Repositories\GitHub\labstech\getnet\getnet\src\main\resources
2020-06-30 02:12:01,544 [Worker-32: Building workspace] INFO  o.e.m.c.i.embedder.EclipseLogger - Using 'UTF-8' encoding to copy filtered resources.
2020-06-30 02:12:01,545 [Worker-32: Building workspace] INFO  o.e.m.c.i.embedder.EclipseLogger - skip non existing resourceDirectory C:\Users\edimi\Repositories\GitHub\labstech\getnet\getnet\src\test\resources
2020-06-30 02:13:49,871 [Worker-38: Building workspace] INFO  o.e.m.c.i.embedder.EclipseLogger - Using 'UTF-8' encoding to copy filtered resources.
2020-06-30 02:13:49,871 [Worker-38: Building workspace] INFO  o.e.m.c.i.embedder.EclipseLogger - skip non existing resourceDirectory C:\Users\edimi\Repositories\GitHub\labstech\getnet\getnet\src\main\resources
2020-06-30 02:13:49,872 [Worker-38: Building workspace] INFO  o.e.m.c.i.embedder.EclipseLogger - Using 'UTF-8' encoding to copy filtered resources.
2020-06-30 02:13:49,872 [Worker-38: Building workspace] INFO  o.e.m.c.i.embedder.EclipseLogger - skip non existing resourceDirectory C:\Users\edimi\Repositories\GitHub\labstech\getnet\getnet\src\test\resources
2020-06-30 02:13:50,889 [Worker-36: Building workspace] INFO  o.e.m.c.i.embedder.EclipseLogger - Using 'UTF-8' encoding to copy filtered resources.
2020-06-30 02:13:50,889 [Worker-36: Building workspace] INFO  o.e.m.c.i.embedder.EclipseLogger - skip non existing resourceDirectory C:\Users\edimi\Repositories\GitHub\labstech\getnet\getnet\src\main\resources
2020-06-30 02:13:50,890 [Worker-36: Building workspace] INFO  o.e.m.c.i.embedder.EclipseLogger - Using 'UTF-8' encoding to copy filtered resources.
2020-06-30 02:13:50,890 [Worker-36: Building workspace] INFO  o.e.m.c.i.embedder.EclipseLogger - skip non existing resourceDirectory C:\Users\edimi\Repositories\GitHub\labstech\getnet\getnet\src\test\resources
2020-06-30 02:16:43,785 [Worker-41: Building workspace] INFO  o.e.m.c.i.embedder.EclipseLogger - Using 'UTF-8' encoding to copy filtered resources.
2020-06-30 02:16:43,786 [Worker-41: Building workspace] INFO  o.e.m.c.i.embedder.EclipseLogger - skip non existing resourceDirectory C:\Users\edimi\Repositories\GitHub\labstech\getnet\getnet\src\main\resources
2020-06-30 02:16:43,786 [Worker-41: Building workspace] INFO  o.e.m.c.i.embedder.EclipseLogger - Using 'UTF-8' encoding to copy filtered resources.
2020-06-30 02:16:43,787 [Worker-41: Building workspace] INFO  o.e.m.c.i.embedder.EclipseLogger - skip non existing resourceDirectory C:\Users\edimi\Repositories\GitHub\labstech\getnet\getnet\src\test\resources
2020-06-30 02:16:44,851 [Worker-35: Building workspace] INFO  o.e.m.c.i.embedder.EclipseLogger - Using 'UTF-8' encoding to copy filtered resources.
2020-06-30 02:16:44,852 [Worker-35: Building workspace] INFO  o.e.m.c.i.embedder.EclipseLogger - skip non existing resourceDirectory C:\Users\edimi\Repositories\GitHub\labstech\getnet\getnet\src\main\resources
2020-06-30 02:16:44,852 [Worker-35: Building workspace] INFO  o.e.m.c.i.embedder.EclipseLogger - Using 'UTF-8' encoding to copy filtered resources.
2020-06-30 02:16:44,852 [Worker-35: Building workspace] INFO  o.e.m.c.i.embedder.EclipseLogger - skip non existing resourceDirectory C:\Users\edimi\Repositories\GitHub\labstech\getnet\getnet\src\test\resources
2020-06-30 02:22:05,145 [Worker-67: Building workspace] INFO  o.e.m.c.i.embedder.EclipseLogger - Using 'UTF-8' encoding to copy filtered resources.
2020-06-30 02:22:05,145 [Worker-67: Building workspace] INFO  o.e.m.c.i.embedder.EclipseLogger - skip non existing resourceDirectory C:\Users\edimi\Repositories\GitHub\labstech\getnet\getnet\src\main\resources
2020-06-30 02:22:05,146 [Worker-67: Building workspace] INFO  o.e.m.c.i.embedder.EclipseLogger - Using 'UTF-8' encoding to copy filtered resources.
2020-06-30 02:22:05,146 [Worker-67: Building workspace] INFO  o.e.m.c.i.embedder.EclipseLogger - skip non existing resourceDirectory C:\Users\edimi\Repositories\GitHub\labstech\getnet\getnet\src\test\resources
2020-06-30 02:22:06,200 [Worker-67: Building workspace] INFO  o.e.m.c.i.embedder.EclipseLogger - Using 'UTF-8' encoding to copy filtered resources.
2020-06-30 02:22:06,200 [Worker-67: Building workspace] INFO  o.e.m.c.i.embedder.EclipseLogger - skip non existing resourceDirectory C:\Users\edimi\Repositories\GitHub\labstech\getnet\getnet\src\main\resources
2020-06-30 02:22:06,202 [Worker-67: Building workspace] INFO  o.e.m.c.i.embedder.EclipseLogger - Using 'UTF-8' encoding to copy filtered resources.
2020-06-30 02:22:06,202 [Worker-67: Building workspace] INFO  o.e.m.c.i.embedder.EclipseLogger - skip non existing resourceDirectory C:\Users\edimi\Repositories\GitHub\labstech\getnet\getnet\src\test\resources
2020-06-30 02:23:11,832 [Worker-64: Building workspace] INFO  o.e.m.c.i.embedder.EclipseLogger - Using 'UTF-8' encoding to copy filtered resources.
2020-06-30 02:23:11,832 [Worker-64: Building workspace] INFO  o.e.m.c.i.embedder.EclipseLogger - skip non existing resourceDirectory C:\Users\edimi\Repositories\GitHub\labstech\getnet\getnet\src\main\resources
2020-06-30 02:23:11,833 [Worker-64: Building workspace] INFO  o.e.m.c.i.embedder.EclipseLogger - Using 'UTF-8' encoding to copy filtered resources.
2020-06-30 02:23:11,833 [Worker-64: Building workspace] INFO  o.e.m.c.i.embedder.EclipseLogger - skip non existing resourceDirectory C:\Users\edimi\Repositories\GitHub\labstech\getnet\getnet\src\test\resources
2020-06-30 02:23:12,902 [Worker-70: Building workspace] INFO  o.e.m.c.i.embedder.EclipseLogger - Using 'UTF-8' encoding to copy filtered resources.
2020-06-30 02:23:12,902 [Worker-70: Building workspace] INFO  o.e.m.c.i.embedder.EclipseLogger - skip non existing resourceDirectory C:\Users\edimi\Repositories\GitHub\labstech\getnet\getnet\src\main\resources
2020-06-30 02:23:12,903 [Worker-70: Building workspace] INFO  o.e.m.c.i.embedder.EclipseLogger - Using 'UTF-8' encoding to copy filtered resources.
2020-06-30 02:23:12,903 [Worker-70: Building workspace] INFO  o.e.m.c.i.embedder.EclipseLogger - skip non existing resourceDirectory C:\Users\edimi\Repositories\GitHub\labstech\getnet\getnet\src\test\resources
2020-06-30 02:29:56,651 [Worker-70: Building workspace] INFO  o.e.m.c.i.embedder.EclipseLogger - Using 'UTF-8' encoding to copy filtered resources.
2020-06-30 02:29:56,651 [Worker-70: Building workspace] INFO  o.e.m.c.i.embedder.EclipseLogger - skip non existing resourceDirectory C:\Users\edimi\Repositories\GitHub\labstech\getnet\getnet\src\main\resources
2020-06-30 02:29:56,652 [Worker-70: Building workspace] INFO  o.e.m.c.i.embedder.EclipseLogger - Using 'UTF-8' encoding to copy filtered resources.
2020-06-30 02:29:56,652 [Worker-70: Building workspace] INFO  o.e.m.c.i.embedder.EclipseLogger - skip non existing resourceDirectory C:\Users\edimi\Repositories\GitHub\labstech\getnet\getnet\src\test\resources
2020-06-30 02:29:57,734 [Worker-70: Building workspace] INFO  o.e.m.c.i.embedder.EclipseLogger - Using 'UTF-8' encoding to copy filtered resources.
2020-06-30 02:29:57,735 [Worker-70: Building workspace] INFO  o.e.m.c.i.embedder.EclipseLogger - skip non existing resourceDirectory C:\Users\edimi\Repositories\GitHub\labstech\getnet\getnet\src\main\resources
2020-06-30 02:29:57,737 [Worker-70: Building workspace] INFO  o.e.m.c.i.embedder.EclipseLogger - Using 'UTF-8' encoding to copy filtered resources.
2020-06-30 02:29:57,737 [Worker-70: Building workspace] INFO  o.e.m.c.i.embedder.EclipseLogger - skip non existing resourceDirectory C:\Users\edimi\Repositories\GitHub\labstech\getnet\getnet\src\test\resources
2020-06-30 02:33:40,716 [Worker-79: Building workspace] INFO  o.e.m.c.i.embedder.EclipseLogger - Using 'UTF-8' encoding to copy filtered resources.
2020-06-30 02:33:40,716 [Worker-79: Building workspace] INFO  o.e.m.c.i.embedder.EclipseLogger - skip non existing resourceDirectory C:\Users\edimi\Repositories\GitHub\labstech\getnet\getnet\src\main\resources
2020-06-30 02:33:40,720 [Worker-79: Building workspace] INFO  o.e.m.c.i.embedder.EclipseLogger - Using 'UTF-8' encoding to copy filtered resources.
2020-06-30 02:33:40,721 [Worker-79: Building workspace] INFO  o.e.m.c.i.embedder.EclipseLogger - skip non existing resourceDirectory C:\Users\edimi\Repositories\GitHub\labstech\getnet\getnet\src\test\resources
2020-06-30 02:33:41,765 [Worker-64: Building workspace] INFO  o.e.m.c.i.embedder.EclipseLogger - Using 'UTF-8' encoding to copy filtered resources.
2020-06-30 02:33:41,766 [Worker-64: Building workspace] INFO  o.e.m.c.i.embedder.EclipseLogger - skip non existing resourceDirectory C:\Users\edimi\Repositories\GitHub\labstech\getnet\getnet\src\main\resources
2020-06-30 02:33:41,767 [Worker-64: Building workspace] INFO  o.e.m.c.i.embedder.EclipseLogger - Using 'UTF-8' encoding to copy filtered resources.
2020-06-30 02:33:41,767 [Worker-64: Building workspace] INFO  o.e.m.c.i.embedder.EclipseLogger - skip non existing resourceDirectory C:\Users\edimi\Repositories\GitHub\labstech\getnet\getnet\src\test\resources
2020-06-30 02:35:36,017 [Worker-80: Building workspace] INFO  o.e.m.c.i.embedder.EclipseLogger - Using 'UTF-8' encoding to copy filtered resources.
2020-06-30 02:35:36,017 [Worker-80: Building workspace] INFO  o.e.m.c.i.embedder.EclipseLogger - skip non existing resourceDirectory C:\Users\edimi\Repositories\GitHub\labstech\getnet\getnet\src\main\resources
2020-06-30 02:35:36,018 [Worker-80: Building workspace] INFO  o.e.m.c.i.embedder.EclipseLogger - Using 'UTF-8' encoding to copy filtered resources.
2020-06-30 02:35:36,019 [Worker-80: Building workspace] INFO  o.e.m.c.i.embedder.EclipseLogger - skip non existing resourceDirectory C:\Users\edimi\Repositories\GitHub\labstech\getnet\getnet\src\test\resources
2020-06-30 02:35:37,048 [Worker-78: Building workspace] INFO  o.e.m.c.i.embedder.EclipseLogger - Using 'UTF-8' encoding to copy filtered resources.
2020-06-30 02:35:37,049 [Worker-78: Building workspace] INFO  o.e.m.c.i.embedder.EclipseLogger - skip non existing resourceDirectory C:\Users\edimi\Repositories\GitHub\labstech\getnet\getnet\src\main\resources
2020-06-30 02:35:37,051 [Worker-78: Building workspace] INFO  o.e.m.c.i.embedder.EclipseLogger - Using 'UTF-8' encoding to copy filtered resources.
2020-06-30 02:35:37,051 [Worker-78: Building workspace] INFO  o.e.m.c.i.embedder.EclipseLogger - skip non existing resourceDirectory C:\Users\edimi\Repositories\GitHub\labstech\getnet\getnet\src\test\resources
2020-06-30 02:43:04,173 [Worker-83: Building workspace] INFO  o.e.m.c.i.embedder.EclipseLogger - Using 'UTF-8' encoding to copy filtered resources.
2020-06-30 02:43:04,174 [Worker-83: Building workspace] INFO  o.e.m.c.i.embedder.EclipseLogger - skip non existing resourceDirectory C:\Users\edimi\Repositories\GitHub\labstech\getnet\getnet\src\main\resources
2020-06-30 02:43:04,174 [Worker-83: Building workspace] INFO  o.e.m.c.i.embedder.EclipseLogger - Using 'UTF-8' encoding to copy filtered resources.
2020-06-30 02:43:04,175 [Worker-83: Building workspace] INFO  o.e.m.c.i.embedder.EclipseLogger - skip non existing resourceDirectory C:\Users\edimi\Repositories\GitHub\labstech\getnet\getnet\src\test\resources
2020-06-30 02:43:05,197 [Worker-83: Building workspace] INFO  o.e.m.c.i.embedder.EclipseLogger - Using 'UTF-8' encoding to copy filtered resources.
2020-06-30 02:43:05,198 [Worker-83: Building workspace] INFO  o.e.m.c.i.embedder.EclipseLogger - skip non existing resourceDirectory C:\Users\edimi\Repositories\GitHub\labstech\getnet\getnet\src\main\resources
2020-06-30 02:43:05,198 [Worker-83: Building workspace] INFO  o.e.m.c.i.embedder.EclipseLogger - Using 'UTF-8' encoding to copy filtered resources.
2020-06-30 02:43:05,200 [Worker-83: Building workspace] INFO  o.e.m.c.i.embedder.EclipseLogger - skip non existing resourceDirectory C:\Users\edimi\Repositories\GitHub\labstech\getnet\getnet\src\test\resources
2020-06-30 02:43:20,588 [Worker-79: Building workspace] INFO  o.e.m.c.i.embedder.EclipseLogger - Using 'UTF-8' encoding to copy filtered resources.
2020-06-30 02:43:20,589 [Worker-79: Building workspace] INFO  o.e.m.c.i.embedder.EclipseLogger - skip non existing resourceDirectory C:\Users\edimi\Repositories\GitHub\labstech\getnet\getnet\src\main\resources
2020-06-30 02:43:20,590 [Worker-79: Building workspace] INFO  o.e.m.c.i.embedder.EclipseLogger - Using 'UTF-8' encoding to copy filtered resources.
2020-06-30 02:43:20,590 [Worker-79: Building workspace] INFO  o.e.m.c.i.embedder.EclipseLogger - skip non existing resourceDirectory C:\Users\edimi\Repositories\GitHub\labstech\getnet\getnet\src\test\resources
2020-06-30 02:45:55,203 [Worker-83: Building workspace] INFO  o.e.m.c.i.embedder.EclipseLogger - Using 'UTF-8' encoding to copy filtered resources.
2020-06-30 02:45:55,203 [Worker-83: Building workspace] INFO  o.e.m.c.i.embedder.EclipseLogger - skip non existing resourceDirectory C:\Users\edimi\Repositories\GitHub\labstech\getnet\getnet\src\main\resources
2020-06-30 02:45:55,205 [Worker-83: Building workspace] INFO  o.e.m.c.i.embedder.EclipseLogger - Using 'UTF-8' encoding to copy filtered resources.
2020-06-30 02:45:55,206 [Worker-83: Building workspace] INFO  o.e.m.c.i.embedder.EclipseLogger - skip non existing resourceDirectory C:\Users\edimi\Repositories\GitHub\labstech\getnet\getnet\src\test\resources
2020-06-30 02:45:56,236 [Worker-79: Building workspace] INFO  o.e.m.c.i.embedder.EclipseLogger - Using 'UTF-8' encoding to copy filtered resources.
2020-06-30 02:45:56,236 [Worker-79: Building workspace] INFO  o.e.m.c.i.embedder.EclipseLogger - skip non existing resourceDirectory C:\Users\edimi\Repositories\GitHub\labstech\getnet\getnet\src\main\resources
2020-06-30 02:45:56,238 [Worker-79: Building workspace] INFO  o.e.m.c.i.embedder.EclipseLogger - Using 'UTF-8' encoding to copy filtered resources.
2020-06-30 02:45:56,238 [Worker-79: Building workspace] INFO  o.e.m.c.i.embedder.EclipseLogger - skip non existing resourceDirectory C:\Users\edimi\Repositories\GitHub\labstech\getnet\getnet\src\test\resources
2020-06-30 03:11:20,944 [Worker-4: Loading available Gradle versions] INFO  o.e.b.c.i.u.g.PublishedGradleVersions - Gradle version information cache is up-to-date. Trying to read.
2020-06-30 03:15:52,697 [Worker-10: Building workspace] INFO  o.e.m.c.i.embedder.EclipseLogger - Using 'UTF-8' encoding to copy filtered resources.
2020-06-30 03:15:52,699 [Worker-10: Building workspace] INFO  o.e.m.c.i.embedder.EclipseLogger - skip non existing resourceDirectory C:\Users\edimi\Repositories\GitHub\labstech\getnet\getnet\src\main\resources
2020-06-30 03:15:52,703 [Worker-10: Building workspace] INFO  o.e.m.c.i.embedder.EclipseLogger - Using 'UTF-8' encoding to copy filtered resources.
2020-06-30 03:15:52,703 [Worker-10: Building workspace] INFO  o.e.m.c.i.embedder.EclipseLogger - skip non existing resourceDirectory C:\Users\edimi\Repositories\GitHub\labstech\getnet\getnet\src\test\resources
2020-06-30 03:19:45,167 [Worker-18: Building workspace] INFO  o.e.m.c.i.embedder.EclipseLogger - Using 'UTF-8' encoding to copy filtered resources.
2020-06-30 03:19:45,167 [Worker-18: Building workspace] INFO  o.e.m.c.i.embedder.EclipseLogger - skip non existing resourceDirectory C:\Users\edimi\Repositories\GitHub\labstech\getnet\getnet\src\main\resources
2020-06-30 03:19:45,170 [Worker-18: Building workspace] INFO  o.e.m.c.i.embedder.EclipseLogger - Using 'UTF-8' encoding to copy filtered resources.
2020-06-30 03:19:45,170 [Worker-18: Building workspace] INFO  o.e.m.c.i.embedder.EclipseLogger - skip non existing resourceDirectory C:\Users\edimi\Repositories\GitHub\labstech\getnet\getnet\src\test\resources
2020-06-30 03:24:42,106 [Worker-20: Building workspace] INFO  o.e.m.c.i.embedder.EclipseLogger - Using 'UTF-8' encoding to copy filtered resources.
2020-06-30 03:24:42,107 [Worker-20: Building workspace] INFO  o.e.m.c.i.embedder.EclipseLogger - skip non existing resourceDirectory C:\Users\edimi\Repositories\GitHub\labstech\getnet\getnet\src\main\resources
2020-06-30 03:24:42,108 [Worker-20: Building workspace] INFO  o.e.m.c.i.embedder.EclipseLogger - Using 'UTF-8' encoding to copy filtered resources.
2020-06-30 03:24:42,108 [Worker-20: Building workspace] INFO  o.e.m.c.i.embedder.EclipseLogger - skip non existing resourceDirectory C:\Users\edimi\Repositories\GitHub\labstech\getnet\getnet\src\test\resources
2020-06-30 03:24:44,488 [Worker-19: Building workspace] INFO  o.e.m.c.i.embedder.EclipseLogger - Using 'UTF-8' encoding to copy filtered resources.
2020-06-30 03:24:44,488 [Worker-19: Building workspace] INFO  o.e.m.c.i.embedder.EclipseLogger - skip non existing resourceDirectory C:\Users\edimi\Repositories\GitHub\labstech\getnet\getnet\src\main\resources
2020-06-30 03:24:44,491 [Worker-19: Building workspace] INFO  o.e.m.c.i.embedder.EclipseLogger - Using 'UTF-8' encoding to copy filtered resources.
2020-06-30 03:24:44,492 [Worker-19: Building workspace] INFO  o.e.m.c.i.embedder.EclipseLogger - skip non existing resourceDirectory C:\Users\edimi\Repositories\GitHub\labstech\getnet\getnet\src\test\resources
2020-06-30 03:24:45,514 [Worker-16: Building workspace] INFO  o.e.m.c.i.embedder.EclipseLogger - Using 'UTF-8' encoding to copy filtered resources.
2020-06-30 03:24:45,515 [Worker-16: Building workspace] INFO  o.e.m.c.i.embedder.EclipseLogger - skip non existing resourceDirectory C:\Users\edimi\Repositories\GitHub\labstech\getnet\getnet\src\main\resources
2020-06-30 03:24:45,517 [Worker-16: Building workspace] INFO  o.e.m.c.i.embedder.EclipseLogger - Using 'UTF-8' encoding to copy filtered resources.
2020-06-30 03:24:45,519 [Worker-16: Building workspace] INFO  o.e.m.c.i.embedder.EclipseLogger - skip non existing resourceDirectory C:\Users\edimi\Repositories\GitHub\labstech\getnet\getnet\src\test\resources
2020-06-30 03:26:42,493 [Worker-19: Building workspace] INFO  o.e.m.c.i.embedder.EclipseLogger - Using 'UTF-8' encoding to copy filtered resources.
2020-06-30 03:26:42,494 [Worker-19: Building workspace] INFO  o.e.m.c.i.embedder.EclipseLogger - skip non existing resourceDirectory C:\Users\edimi\Repositories\GitHub\labstech\getnet\getnet\src\main\resources
2020-06-30 03:26:42,495 [Worker-19: Building workspace] INFO  o.e.m.c.i.embedder.EclipseLogger - Using 'UTF-8' encoding to copy filtered resources.
2020-06-30 03:26:42,495 [Worker-19: Building workspace] INFO  o.e.m.c.i.embedder.EclipseLogger - skip non existing resourceDirectory C:\Users\edimi\Repositories\GitHub\labstech\getnet\getnet\src\test\resources
