[2025-04-14 04:14:57Z INFO HostContext] No proxy settings were found based on environmental variables (http_proxy/https_proxy/HTTP_PROXY/HTTPS_PROXY)
[2025-04-14 04:14:58Z INFO HostContext] Well known directory 'Bin': 'C:\Users\edimi\Repositories\labstech\actions-runner\bin'
[2025-04-14 04:14:58Z INFO HostContext] Well known directory 'Root': 'C:\Users\edimi\Repositories\labstech\actions-runner'
[2025-04-14 04:14:58Z INFO HostContext] Well known config file 'Credentials': 'C:\Users\edimi\Repositories\labstech\actions-runner\.credentials'
[2025-04-14 04:14:58Z INFO HostContext] Well known directory 'Bin': 'C:\Users\edimi\Repositories\labstech\actions-runner\bin'
[2025-04-14 04:14:58Z INFO HostContext] Well known directory 'Root': 'C:\Users\edimi\Repositories\labstech\actions-runner'
[2025-04-14 04:14:58Z INFO HostContext] Well known config file 'Runner': 'C:\Users\edimi\Repositories\labstech\actions-runner\.runner'
[2025-04-14 04:15:00Z INFO Listener] Runner is built for Windows (X64) - win-x64.
[2025-04-14 04:15:00Z INFO Listener] RuntimeInformation: Microsoft Windows 10.0.22631.
[2025-04-14 04:15:03Z INFO Listener] Version: 2.323.0
[2025-04-14 04:15:03Z INFO Listener] Commit: d8b82f44a9ec0258904d5869ae683c31d5aac299
[2025-04-14 04:15:03Z INFO Listener] Culture: en-US
[2025-04-14 04:15:03Z INFO Listener] UI Culture: en-US
[2025-04-14 04:15:03Z INFO HostContext] Well known directory 'Bin': 'C:\Users\edimi\Repositories\labstech\actions-runner\bin'
[2025-04-14 04:15:03Z INFO HostContext] Well known directory 'Root': 'C:\Users\edimi\Repositories\labstech\actions-runner'
[2025-04-14 04:15:03Z INFO Listener] Validating directory permissions for: 'C:\Users\edimi\Repositories\labstech\actions-runner'
[2025-04-14 04:15:04Z INFO CommandLineParser] Parse
[2025-04-14 04:15:04Z INFO CommandLineParser] Parsing 5 args
[2025-04-14 04:15:04Z INFO CommandLineParser] parsing argument
[2025-04-14 04:15:04Z INFO CommandLineParser] HasArgs: False
[2025-04-14 04:15:04Z INFO CommandLineParser] Adding Command: configure
[2025-04-14 04:15:04Z INFO CommandLineParser] parsing argument
[2025-04-14 04:15:04Z INFO CommandLineParser] HasArgs: True
[2025-04-14 04:15:04Z INFO CommandLineParser] arg: url
[2025-04-14 04:15:04Z INFO CommandLineParser] parsing argument
[2025-04-14 04:15:04Z INFO CommandLineParser] HasArgs: True
[2025-04-14 04:15:04Z INFO CommandLineParser] Adding option 'url': 'https://github.com/edimilsonestevam/labstech'
[2025-04-14 04:15:04Z INFO CommandLineParser] parsing argument
[2025-04-14 04:15:04Z INFO CommandLineParser] HasArgs: True
[2025-04-14 04:15:04Z INFO CommandLineParser] arg: token
[2025-04-14 04:15:04Z INFO CommandLineParser] parsing argument
[2025-04-14 04:15:04Z INFO CommandLineParser] HasArgs: True
[2025-04-14 04:15:09Z INFO CommandLineParser] Adding option 'token': '***'
[2025-04-14 04:15:09Z INFO Listener] Arguments parsed
[2025-04-14 04:15:12Z INFO Runner] ExecuteCommand
[2025-04-14 04:15:12Z INFO ConfigurationStore] currentAssemblyLocation: C:\Users\edimi\Repositories\labstech\actions-runner\bin\Runner.Listener.dll
[2025-04-14 04:15:12Z INFO HostContext] Well known directory 'Bin': 'C:\Users\edimi\Repositories\labstech\actions-runner\bin'
[2025-04-14 04:15:12Z INFO ConfigurationStore] binPath: C:\Users\edimi\Repositories\labstech\actions-runner\bin
[2025-04-14 04:15:12Z INFO HostContext] Well known directory 'Bin': 'C:\Users\edimi\Repositories\labstech\actions-runner\bin'
[2025-04-14 04:15:12Z INFO HostContext] Well known directory 'Root': 'C:\Users\edimi\Repositories\labstech\actions-runner'
[2025-04-14 04:15:12Z INFO ConfigurationStore] RootFolder: C:\Users\edimi\Repositories\labstech\actions-runner
[2025-04-14 04:15:12Z INFO HostContext] Well known directory 'Bin': 'C:\Users\edimi\Repositories\labstech\actions-runner\bin'
[2025-04-14 04:15:12Z INFO HostContext] Well known directory 'Root': 'C:\Users\edimi\Repositories\labstech\actions-runner'
[2025-04-14 04:15:12Z INFO HostContext] Well known config file 'Runner': 'C:\Users\edimi\Repositories\labstech\actions-runner\.runner'
[2025-04-14 04:15:12Z INFO ConfigurationStore] ConfigFilePath: C:\Users\edimi\Repositories\labstech\actions-runner\.runner
[2025-04-14 04:15:12Z INFO HostContext] Well known directory 'Bin': 'C:\Users\edimi\Repositories\labstech\actions-runner\bin'
[2025-04-14 04:15:12Z INFO HostContext] Well known directory 'Root': 'C:\Users\edimi\Repositories\labstech\actions-runner'
[2025-04-14 04:15:12Z INFO HostContext] Well known config file 'MigratedRunner': 'C:\Users\edimi\Repositories\labstech\actions-runner\.runner_migrated'
[2025-04-14 04:15:12Z INFO ConfigurationStore] MigratedConfigFilePath: C:\Users\edimi\Repositories\labstech\actions-runner\.runner_migrated
[2025-04-14 04:15:12Z INFO HostContext] Well known directory 'Bin': 'C:\Users\edimi\Repositories\labstech\actions-runner\bin'
[2025-04-14 04:15:12Z INFO HostContext] Well known directory 'Root': 'C:\Users\edimi\Repositories\labstech\actions-runner'
[2025-04-14 04:15:12Z INFO HostContext] Well known config file 'Credentials': 'C:\Users\edimi\Repositories\labstech\actions-runner\.credentials'
[2025-04-14 04:15:12Z INFO ConfigurationStore] CredFilePath: C:\Users\edimi\Repositories\labstech\actions-runner\.credentials
[2025-04-14 04:15:12Z INFO HostContext] Well known directory 'Bin': 'C:\Users\edimi\Repositories\labstech\actions-runner\bin'
[2025-04-14 04:15:12Z INFO HostContext] Well known directory 'Root': 'C:\Users\edimi\Repositories\labstech\actions-runner'
[2025-04-14 04:15:12Z INFO HostContext] Well known config file 'MigratedCredentials': 'C:\Users\edimi\Repositories\labstech\actions-runner\.credentials_migrated'
[2025-04-14 04:15:12Z INFO ConfigurationStore] MigratedCredFilePath: C:\Users\edimi\Repositories\labstech\actions-runner\.credentials_migrated
[2025-04-14 04:15:12Z INFO HostContext] Well known directory 'Bin': 'C:\Users\edimi\Repositories\labstech\actions-runner\bin'
[2025-04-14 04:15:12Z INFO HostContext] Well known directory 'Root': 'C:\Users\edimi\Repositories\labstech\actions-runner'
[2025-04-14 04:15:12Z INFO HostContext] Well known config file 'Service': 'C:\Users\edimi\Repositories\labstech\actions-runner\.service'
[2025-04-14 04:15:12Z INFO ConfigurationStore] ServiceConfigFilePath: C:\Users\edimi\Repositories\labstech\actions-runner\.service
[2025-04-14 04:15:12Z INFO CommandSettings] Flag 'help': 'False'
[2025-04-14 04:15:12Z INFO CommandSettings] Flag 'version': 'False'
[2025-04-14 04:15:12Z INFO CommandSettings] Flag 'commit': 'False'
[2025-04-14 04:15:12Z INFO CommandSettings] Flag 'check': 'False'
[2025-04-14 04:15:12Z INFO CommandSettings] Command 'configure': 'True'
[2025-04-14 04:15:13Z INFO Terminal] WRITE LINE: 
[2025-04-14 04:15:14Z INFO Terminal] WRITE LINE: --------------------------------------------------------------------------------
[2025-04-14 04:15:14Z INFO Terminal] WRITE LINE: |        ____ _ _   _   _       _          _        _   _                      |
[2025-04-14 04:15:14Z INFO Terminal] WRITE LINE: |       / ___(_) |_| | | |_   _| |__      / \   ___| |_(_) ___  _ __  ___      |
[2025-04-14 04:15:14Z INFO Terminal] WRITE LINE: |      | |  _| | __| |_| | | | | '_ \    / _ \ / __| __| |/ _ \| '_ \/ __|     |
[2025-04-14 04:15:14Z INFO Terminal] WRITE LINE: |      | |_| | | |_|  _  | |_| | |_) |  / ___ \ (__| |_| | (_) | | | \__ \     |
[2025-04-14 04:15:14Z INFO Terminal] WRITE LINE: |       \____|_|\__|_| |_|\__,_|_.__/  /_/   \_\___|\__|_|\___/|_| |_|___/     |
[2025-04-14 04:15:14Z INFO Terminal] WRITE LINE: |                                                                              |
[2025-04-14 04:15:14Z INFO Terminal] WRITE: |                       
[2025-04-14 04:15:14Z INFO Terminal] WRITE: Self-hosted runner registration
[2025-04-14 04:15:14Z INFO Terminal] WRITE LINE:                         |
[2025-04-14 04:15:14Z INFO Terminal] WRITE LINE: |                                                                              |
[2025-04-14 04:15:14Z INFO Terminal] WRITE LINE: --------------------------------------------------------------------------------
[2025-04-14 04:15:14Z INFO ConfigurationManager] ConfigureAsync
[2025-04-14 04:15:14Z INFO CommandSettings] Flag 'generateServiceConfig': 'False'
[2025-04-14 04:15:14Z INFO ConfigurationStore] IsConfigured()
[2025-04-14 04:15:14Z INFO ConfigurationStore] IsConfigured: False
[2025-04-14 04:15:14Z INFO ConfigurationManager] Is configured: False
[2025-04-14 04:15:14Z INFO CommandSettings] Arg 'url': 'https://github.com/edimilsonestevam/labstech'
[2025-04-14 04:15:14Z INFO CommandSettings] Remove url from Arg dictionary.
[2025-04-14 04:15:14Z INFO CommandSettings] Arg 'token': '***'
[2025-04-14 04:15:14Z INFO CommandSettings] Remove token from Arg dictionary.
[2025-04-14 04:19:43Z ERR  ConfigurationManager] Failed to get tenant credentials -- Attempt: 1
[2025-04-14 04:20:04Z ERR  ConfigurationManager] System.Threading.Tasks.TaskCanceledException: The request was canceled due to the configured HttpClient.Timeout of 100 seconds elapsing.
 ---> System.TimeoutException: A task was canceled.
 ---> System.Threading.Tasks.TaskCanceledException: A task was canceled.
   at System.Threading.Tasks.TaskCompletionSourceWithCancellation`1.WaitWithCancellationAsync(CancellationToken cancellationToken)
   at System.Net.Http.HttpConnectionPool.SendWithVersionDetectionAndRetryAsync(HttpRequestMessage request, Boolean async, Boolean doRequestAuth, CancellationToken cancellationToken)
   at System.Net.Http.RedirectHandler.SendAsync(HttpRequestMessage request, Boolean async, CancellationToken cancellationToken)
   at System.Net.Http.HttpClient.<SendAsync>g__Core|83_0(HttpRequestMessage request, HttpCompletionOption completionOption, CancellationTokenSource cts, Boolean disposeCts, CancellationTokenSource pendingRequestsCts, CancellationToken originalCancellationToken)
   --- End of inner exception stack trace ---
   --- End of inner exception stack trace ---
   at System.Net.Http.HttpClient.HandleFailure(Exception e, Boolean telemetryStarted, HttpResponseMessage response, CancellationTokenSource cts, CancellationToken cancellationToken, CancellationTokenSource pendingRequestsCts)
   at System.Net.Http.HttpClient.<SendAsync>g__Core|83_0(HttpRequestMessage request, HttpCompletionOption completionOption, CancellationTokenSource cts, Boolean disposeCts, CancellationTokenSource pendingRequestsCts, CancellationToken originalCancellationToken)
   at GitHub.Runner.Listener.Configuration.ConfigurationManager.GetTenantCredential(String githubUrl, String githubToken, String runnerEvent)
[2025-04-14 04:20:04Z ERR  ConfigurationManager] #####################################################
[2025-04-14 04:20:04Z ERR  ConfigurationManager] System.TimeoutException: A task was canceled.
 ---> System.Threading.Tasks.TaskCanceledException: A task was canceled.
   at System.Threading.Tasks.TaskCompletionSourceWithCancellation`1.WaitWithCancellationAsync(CancellationToken cancellationToken)
   at System.Net.Http.HttpConnectionPool.SendWithVersionDetectionAndRetryAsync(HttpRequestMessage request, Boolean async, Boolean doRequestAuth, CancellationToken cancellationToken)
   at System.Net.Http.RedirectHandler.SendAsync(HttpRequestMessage request, Boolean async, CancellationToken cancellationToken)
   at System.Net.Http.HttpClient.<SendAsync>g__Core|83_0(HttpRequestMessage request, HttpCompletionOption completionOption, CancellationTokenSource cts, Boolean disposeCts, CancellationTokenSource pendingRequestsCts, CancellationToken originalCancellationToken)
   --- End of inner exception stack trace ---
[2025-04-14 04:20:04Z ERR  ConfigurationManager] #####################################################
[2025-04-14 04:20:04Z ERR  ConfigurationManager] System.Threading.Tasks.TaskCanceledException: A task was canceled.
   at System.Threading.Tasks.TaskCompletionSourceWithCancellation`1.WaitWithCancellationAsync(CancellationToken cancellationToken)
   at System.Net.Http.HttpConnectionPool.SendWithVersionDetectionAndRetryAsync(HttpRequestMessage request, Boolean async, Boolean doRequestAuth, CancellationToken cancellationToken)
   at System.Net.Http.RedirectHandler.SendAsync(HttpRequestMessage request, Boolean async, CancellationToken cancellationToken)
   at System.Net.Http.HttpClient.<SendAsync>g__Core|83_0(HttpRequestMessage request, HttpCompletionOption completionOption, CancellationTokenSource cts, Boolean disposeCts, CancellationTokenSource pendingRequestsCts, CancellationToken originalCancellationToken)
[2025-04-14 04:20:04Z INFO ConfigurationManager] Retrying in 3 seconds
[2025-04-14 04:20:11Z INFO ConfigurationManager] Http response code: OK from 'POST https://api.github.com/actions/runner-registration' (95D0:27AFC7:20E4C6E:222F54E:67FC8CF9)
[2025-04-14 04:20:12Z INFO ConfigurationManager] Using V2 flow: False
[2025-04-14 04:20:12Z INFO ConfigurationManager] cred retrieved via GitHub auth
[2025-04-14 04:20:12Z INFO RunnerServer] EstablishVssConnection
[2025-04-14 04:20:12Z INFO RunnerServer] Establish connection with 100 seconds timeout.
[2025-04-14 04:20:15Z INFO GitHubActionsService] Starting operation Location.GetConnectionData
[2025-04-14 04:20:15Z INFO RunnerServer] EstablishVssConnection
[2025-04-14 04:20:15Z INFO RunnerServer] Establish connection with 60 seconds timeout.
[2025-04-14 04:20:15Z INFO GitHubActionsService] Starting operation Location.GetConnectionData
[2025-04-14 04:20:15Z INFO RunnerServer] EstablishVssConnection
[2025-04-14 04:20:15Z INFO RunnerServer] Establish connection with 60 seconds timeout.
[2025-04-14 04:20:15Z INFO GitHubActionsService] Starting operation Location.GetConnectionData
[2025-04-14 04:20:20Z INFO GitHubActionsService] Finished operation Location.GetConnectionData
[2025-04-14 04:20:20Z INFO GitHubActionsService] Finished operation Location.GetConnectionData
[2025-04-14 04:20:21Z INFO GitHubActionsService] Finished operation Location.GetConnectionData
[2025-04-14 04:20:21Z INFO Terminal] WRITE LINE: 
[2025-04-14 04:20:21Z INFO ConfigurationManager] Test Connection complete.
[2025-04-14 04:20:21Z INFO HostContext] Well known directory 'Bin': 'C:\Users\edimi\Repositories\labstech\actions-runner\bin'
[2025-04-14 04:20:21Z INFO HostContext] Well known directory 'Root': 'C:\Users\edimi\Repositories\labstech\actions-runner'
[2025-04-14 04:20:21Z INFO HostContext] Well known config file 'RSACredentials': 'C:\Users\edimi\Repositories\labstech\actions-runner\.credentials_rsaparams'
[2025-04-14 04:20:21Z INFO RSAEncryptedFileKeyManager] Creating new RSA key using 2048-bit key length
[2025-04-14 04:20:22Z INFO RSAEncryptedFileKeyManager] Successfully saved RSA key parameters to file C:\Users\edimi\Repositories\labstech\actions-runner\.credentials_rsaparams
[2025-04-14 04:20:23Z INFO CommandSettings] Arg 'runnergroup': ''
[2025-04-14 04:20:23Z INFO CommandSettings] Flag 'unattended': 'False'
[2025-04-14 04:20:23Z INFO PromptManager] ReadValue
[2025-04-14 04:20:23Z INFO Terminal] WRITE: Enter the name of the runner group to add this runner to: 
[2025-04-14 04:20:23Z INFO Terminal] WRITE: [press Enter for Default] 
[2025-04-14 04:20:23Z INFO Terminal] READ LINE
[2025-04-14 04:20:36Z INFO Terminal] Read value: ''
[2025-04-14 04:20:36Z INFO PromptManager] Falling back to the default: 'Default'
[2025-04-14 04:20:36Z INFO Terminal] WRITE LINE: 
[2025-04-14 04:20:36Z INFO ConfigurationManager] Found a self-hosted runner group with id 1 and name Default
[2025-04-14 04:20:36Z INFO CommandSettings] Flag 'disableupdate': 'False'
[2025-04-14 04:20:36Z INFO CommandSettings] Flag 'ephemeral': 'False'
[2025-04-14 04:20:36Z INFO CommandSettings] Arg 'name': ''
[2025-04-14 04:20:36Z INFO CommandSettings] Flag 'unattended': 'False'
[2025-04-14 04:20:36Z INFO PromptManager] ReadValue
[2025-04-14 04:20:36Z INFO Terminal] WRITE: Enter the name of runner: 
[2025-04-14 04:20:36Z INFO Terminal] WRITE: [press Enter for LAPTOP-9ND223U5] 
[2025-04-14 04:20:36Z INFO Terminal] READ LINE
[2025-04-14 04:20:41Z INFO Terminal] Read value: ''
[2025-04-14 04:20:41Z INFO PromptManager] Falling back to the default: 'LAPTOP-9ND223U5'
[2025-04-14 04:20:41Z INFO Terminal] WRITE LINE: 
[2025-04-14 04:20:41Z INFO CommandSettings] Arg 'labels': ''
[2025-04-14 04:20:41Z INFO CommandSettings] Flag 'unattended': 'False'
[2025-04-14 04:20:41Z INFO PromptManager] ReadValue
[2025-04-14 04:20:41Z INFO Terminal] WRITE: This runner will have the following labels: 'self-hosted', 'Windows', 'X64' 
Enter any additional labels (ex. label-1,label-2): 
[2025-04-14 04:20:41Z INFO Terminal] WRITE: [press Enter to skip] 
[2025-04-14 04:20:41Z INFO Terminal] READ LINE
[2025-04-14 04:20:48Z INFO Terminal] Read value: ''
[2025-04-14 04:20:48Z INFO Terminal] WRITE LINE: 
[2025-04-14 04:20:49Z INFO CommandSettings] Flag 'disableupdate': 'False'
[2025-04-14 04:20:49Z INFO CommandSettings] Flag 'no-default-labels': 'False'
[2025-04-14 04:20:49Z INFO CommandSettings] Flag 'disableupdate': 'False'
[2025-04-14 04:20:49Z INFO CommandSettings] Flag 'ephemeral': 'False'
[2025-04-14 04:20:49Z INFO ConfigurationStore] Saving OAuth credential @ C:\Users\edimi\Repositories\labstech\actions-runner\.credentials
[2025-04-14 04:20:50Z INFO ConfigurationStore] Credentials Saved.
[2025-04-14 04:20:50Z INFO ConfigurationStore] HasCredentials()
[2025-04-14 04:20:50Z INFO ConfigurationStore] stored True
[2025-04-14 04:20:50Z INFO CredentialManager] GetCredentialProvider
[2025-04-14 04:20:50Z INFO CredentialManager] Creating type OAuth
[2025-04-14 04:20:50Z INFO CredentialManager] Creating credential type: OAuth
[2025-04-14 04:20:50Z INFO RSAEncryptedFileKeyManager] Loading RSA key parameters from file C:\Users\edimi\Repositories\labstech\actions-runner\.credentials_rsaparams
[2025-04-14 04:20:50Z INFO RunnerServer] EstablishVssConnection
[2025-04-14 04:20:50Z INFO RunnerServer] Establish connection with 100 seconds timeout.
[2025-04-14 04:20:50Z INFO GitHubActionsService] Starting operation Location.GetConnectionData
[2025-04-14 04:20:50Z INFO RunnerServer] EstablishVssConnection
[2025-04-14 04:20:50Z INFO RunnerServer] Establish connection with 60 seconds timeout.
[2025-04-14 04:20:50Z INFO GitHubActionsService] Starting operation Location.GetConnectionData
[2025-04-14 04:20:50Z INFO RunnerServer] EstablishVssConnection
[2025-04-14 04:20:50Z INFO RunnerServer] Establish connection with 60 seconds timeout.
[2025-04-14 04:20:50Z INFO GitHubActionsService] Starting operation Location.GetConnectionData
[2025-04-14 04:20:52Z INFO GitHubActionsService] Finished operation Location.GetConnectionData
[2025-04-14 04:20:54Z INFO GitHubActionsService] Finished operation Location.GetConnectionData
[2025-04-14 04:20:54Z INFO GitHubActionsService] Finished operation Location.GetConnectionData
[2025-04-14 04:20:54Z INFO RSAEncryptedFileKeyManager] Loading RSA key parameters from file C:\Users\edimi\Repositories\labstech\actions-runner\.credentials_rsaparams
[2025-04-14 04:20:54Z INFO RSAEncryptedFileKeyManager] Loading RSA key parameters from file C:\Users\edimi\Repositories\labstech\actions-runner\.credentials_rsaparams
[2025-04-14 04:20:57Z INFO GitHubActionsService] AAD Correlation ID for this token request: Unknown
[2025-04-14 04:20:57Z WARN GitHubActionsService] Retrieving an AAD auth token took a long time (2.5569244 seconds)
[2025-04-14 04:20:57Z INFO CommandSettings] Arg 'work': ''
[2025-04-14 04:20:57Z INFO CommandSettings] Flag 'unattended': 'False'
[2025-04-14 04:20:57Z INFO PromptManager] ReadValue
[2025-04-14 04:20:57Z INFO Terminal] WRITE: Enter name of work folder: 
[2025-04-14 04:20:57Z INFO Terminal] WRITE: [press Enter for _work] 
[2025-04-14 04:20:57Z INFO Terminal] READ LINE
[2025-04-14 04:21:14Z INFO Terminal] Read value: ''
[2025-04-14 04:21:14Z INFO PromptManager] Falling back to the default: '_work'
[2025-04-14 04:21:14Z INFO ConfigurationStore] Saving runner settings.
[2025-04-14 04:21:14Z INFO ConfigurationStore] Settings Saved.
[2025-04-14 04:21:14Z INFO Terminal] WRITE LINE: 
[2025-04-14 04:21:14Z INFO Terminal] WRITE LINE: 
[2025-04-14 04:21:14Z INFO CommandSettings] Flag 'runasservice': 'False'
[2025-04-14 04:21:14Z INFO CommandSettings] Flag 'unattended': 'False'
[2025-04-14 04:21:14Z INFO PromptManager] ReadValue
[2025-04-14 04:21:14Z INFO Terminal] WRITE: Would you like to run the runner as service? (Y/N) 
[2025-04-14 04:21:14Z INFO Terminal] WRITE: [press Enter for N] 
[2025-04-14 04:21:14Z INFO Terminal] READ LINE
[2025-04-14 04:21:22Z INFO Terminal] Read value: 'y'
[2025-04-14 04:21:22Z INFO ConfigurationManager] Configuring to run the agent as service
[2025-04-14 04:21:22Z ERR  WindowsServiceControlManager] Needs Administrator privileges for configure runner as windows service.
[2025-04-14 04:21:22Z ERR  Runner] System.Security.SecurityException: Needs Administrator privileges for configuring runner as windows service.
   at GitHub.Runner.Listener.Configuration.WindowsServiceControlManager.ConfigureService(RunnerSettings settings, CommandSettings command)
   at GitHub.Runner.Listener.Configuration.ConfigurationManager.ConfigureAsync(CommandSettings command)
   at GitHub.Runner.Listener.Runner.ExecuteCommand(CommandSettings command)
[2025-04-14 04:21:22Z ERR  Terminal] WRITE ERROR: Needs Administrator privileges for configuring runner as windows service.
[2025-04-14 04:21:23Z INFO Listener] Runner execution has finished with return code 1
