[2025-04-14 04:23:28Z INFO HostContext] No proxy settings were found based on environmental variables (http_proxy/https_proxy/HTTP_PROXY/HTTPS_PROXY)
[2025-04-14 04:23:28Z INFO HostContext] Well known directory 'Bin': 'C:\Users\edimi\Repositories\labstech\actions-runner\bin'
[2025-04-14 04:23:28Z INFO HostContext] Well known directory 'Root': 'C:\Users\edimi\Repositories\labstech\actions-runner'
[2025-04-14 04:23:28Z INFO HostContext] Well known config file 'Credentials': 'C:\Users\edimi\Repositories\labstech\actions-runner\.credentials'
[2025-04-14 04:23:29Z INFO HostContext] Well known directory 'Bin': 'C:\Users\edimi\Repositories\labstech\actions-runner\bin'
[2025-04-14 04:23:29Z INFO HostContext] Well known directory 'Root': 'C:\Users\edimi\Repositories\labstech\actions-runner'
[2025-04-14 04:23:29Z INFO HostContext] Well known config file 'Runner': 'C:\Users\edimi\Repositories\labstech\actions-runner\.runner'
[2025-04-14 04:23:29Z INFO Listener] Runner is built for Windows (X64) - win-x64.
[2025-04-14 04:23:29Z INFO Listener] RuntimeInformation: Microsoft Windows 10.0.22631.
[2025-04-14 04:23:29Z INFO Listener] Version: 2.323.0
[2025-04-14 04:23:29Z INFO Listener] Commit: d8b82f44a9ec0258904d5869ae683c31d5aac299
[2025-04-14 04:23:29Z INFO Listener] Culture: en-US
[2025-04-14 04:23:29Z INFO Listener] UI Culture: en-US
[2025-04-14 04:23:29Z INFO HostContext] Well known directory 'Bin': 'C:\Users\edimi\Repositories\labstech\actions-runner\bin'
[2025-04-14 04:23:29Z INFO HostContext] Well known directory 'Root': 'C:\Users\edimi\Repositories\labstech\actions-runner'
[2025-04-14 04:23:29Z INFO Listener] Validating directory permissions for: 'C:\Users\edimi\Repositories\labstech\actions-runner'
[2025-04-14 04:23:29Z INFO CommandLineParser] Parse
[2025-04-14 04:23:29Z INFO CommandLineParser] Parsing 1 args
[2025-04-14 04:23:29Z INFO CommandLineParser] parsing argument
[2025-04-14 04:23:29Z INFO CommandLineParser] HasArgs: False
[2025-04-14 04:23:29Z INFO CommandLineParser] Adding Command: run
[2025-04-14 04:23:29Z INFO Listener] Arguments parsed
[2025-04-14 04:23:30Z INFO Runner] ExecuteCommand
[2025-04-14 04:23:30Z INFO ConfigurationStore] currentAssemblyLocation: C:\Users\edimi\Repositories\labstech\actions-runner\bin\Runner.Listener.dll
[2025-04-14 04:23:30Z INFO HostContext] Well known directory 'Bin': 'C:\Users\edimi\Repositories\labstech\actions-runner\bin'
[2025-04-14 04:23:30Z INFO ConfigurationStore] binPath: C:\Users\edimi\Repositories\labstech\actions-runner\bin
[2025-04-14 04:23:30Z INFO HostContext] Well known directory 'Bin': 'C:\Users\edimi\Repositories\labstech\actions-runner\bin'
[2025-04-14 04:23:30Z INFO HostContext] Well known directory 'Root': 'C:\Users\edimi\Repositories\labstech\actions-runner'
[2025-04-14 04:23:30Z INFO ConfigurationStore] RootFolder: C:\Users\edimi\Repositories\labstech\actions-runner
[2025-04-14 04:23:30Z INFO HostContext] Well known directory 'Bin': 'C:\Users\edimi\Repositories\labstech\actions-runner\bin'
[2025-04-14 04:23:30Z INFO HostContext] Well known directory 'Root': 'C:\Users\edimi\Repositories\labstech\actions-runner'
[2025-04-14 04:23:30Z INFO HostContext] Well known config file 'Runner': 'C:\Users\edimi\Repositories\labstech\actions-runner\.runner'
[2025-04-14 04:23:30Z INFO ConfigurationStore] ConfigFilePath: C:\Users\edimi\Repositories\labstech\actions-runner\.runner
[2025-04-14 04:23:30Z INFO HostContext] Well known directory 'Bin': 'C:\Users\edimi\Repositories\labstech\actions-runner\bin'
[2025-04-14 04:23:30Z INFO HostContext] Well known directory 'Root': 'C:\Users\edimi\Repositories\labstech\actions-runner'
[2025-04-14 04:23:30Z INFO HostContext] Well known config file 'MigratedRunner': 'C:\Users\edimi\Repositories\labstech\actions-runner\.runner_migrated'
[2025-04-14 04:23:30Z INFO ConfigurationStore] MigratedConfigFilePath: C:\Users\edimi\Repositories\labstech\actions-runner\.runner_migrated
[2025-04-14 04:23:30Z INFO HostContext] Well known directory 'Bin': 'C:\Users\edimi\Repositories\labstech\actions-runner\bin'
[2025-04-14 04:23:30Z INFO HostContext] Well known directory 'Root': 'C:\Users\edimi\Repositories\labstech\actions-runner'
[2025-04-14 04:23:30Z INFO HostContext] Well known config file 'Credentials': 'C:\Users\edimi\Repositories\labstech\actions-runner\.credentials'
[2025-04-14 04:23:30Z INFO ConfigurationStore] CredFilePath: C:\Users\edimi\Repositories\labstech\actions-runner\.credentials
[2025-04-14 04:23:30Z INFO HostContext] Well known directory 'Bin': 'C:\Users\edimi\Repositories\labstech\actions-runner\bin'
[2025-04-14 04:23:30Z INFO HostContext] Well known directory 'Root': 'C:\Users\edimi\Repositories\labstech\actions-runner'
[2025-04-14 04:23:30Z INFO HostContext] Well known config file 'MigratedCredentials': 'C:\Users\edimi\Repositories\labstech\actions-runner\.credentials_migrated'
[2025-04-14 04:23:30Z INFO ConfigurationStore] MigratedCredFilePath: C:\Users\edimi\Repositories\labstech\actions-runner\.credentials_migrated
[2025-04-14 04:23:30Z INFO HostContext] Well known directory 'Bin': 'C:\Users\edimi\Repositories\labstech\actions-runner\bin'
[2025-04-14 04:23:30Z INFO HostContext] Well known directory 'Root': 'C:\Users\edimi\Repositories\labstech\actions-runner'
[2025-04-14 04:23:30Z INFO HostContext] Well known config file 'Service': 'C:\Users\edimi\Repositories\labstech\actions-runner\.service'
[2025-04-14 04:23:30Z INFO ConfigurationStore] ServiceConfigFilePath: C:\Users\edimi\Repositories\labstech\actions-runner\.service
[2025-04-14 04:23:30Z INFO CommandSettings] Flag 'help': 'False'
[2025-04-14 04:23:30Z INFO CommandSettings] Flag 'version': 'False'
[2025-04-14 04:23:30Z INFO CommandSettings] Flag 'commit': 'False'
[2025-04-14 04:23:30Z INFO CommandSettings] Flag 'check': 'False'
[2025-04-14 04:23:30Z INFO CommandSettings] Command 'configure': 'False'
[2025-04-14 04:23:30Z INFO CommandSettings] Command 'remove': 'False'
[2025-04-14 04:23:30Z INFO CommandSettings] Command 'warmup': 'False'
[2025-04-14 04:23:30Z INFO ConfigurationManager] LoadSettings
[2025-04-14 04:23:30Z INFO ConfigurationStore] IsConfigured()
[2025-04-14 04:23:30Z INFO ConfigurationStore] IsConfigured: True
[2025-04-14 04:23:30Z INFO ConfigurationManager] Is configured: True
[2025-04-14 04:23:30Z INFO ConfigurationStore] Read setting file: 315 chars
[2025-04-14 04:23:30Z INFO ConfigurationManager] Settings Loaded
[2025-04-14 04:23:30Z INFO ConfigurationStore] IsServiceConfigured()
[2025-04-14 04:23:30Z INFO ConfigurationStore] IsServiceConfigured: False
[2025-04-14 04:23:30Z INFO CommandSettings] Command 'run': 'True'
[2025-04-14 04:23:30Z INFO ConfigurationStore] IsConfigured()
[2025-04-14 04:23:30Z INFO ConfigurationStore] IsConfigured: True
[2025-04-14 04:23:30Z INFO ConfigurationManager] Is configured: True
[2025-04-14 04:23:30Z INFO Runner] Could not parse the argument value '' for StartupType. Defaulting to Manual
[2025-04-14 04:23:30Z INFO Runner] Set runner startup type - Manual
[2025-04-14 04:23:30Z INFO CommandSettings] Flag 'once': 'False'
[2025-04-14 04:23:30Z INFO CommandSettings] Flag 'once': 'False'
[2025-04-14 04:23:30Z INFO Runner] RunAsync
[2025-04-14 04:23:30Z INFO ConfigurationManager] LoadSettings
[2025-04-14 04:23:30Z INFO ConfigurationStore] IsConfigured()
[2025-04-14 04:23:30Z INFO ConfigurationStore] IsConfigured: True
[2025-04-14 04:23:30Z INFO ConfigurationManager] Is configured: True
[2025-04-14 04:23:30Z INFO ConfigurationManager] Settings Loaded
[2025-04-14 04:23:30Z INFO MessageListener] {
  "AgentId": 2,
  "AgentName": "LAPTOP-9ND223U5",
  "PoolId": 1,
  "PoolName": "Default",
  "ServerUrl": "https://pipelinesghubeus15.actions.githubusercontent.com/E3kjyBPxq39If6c1gwPquEKSSCwIWU0asyOCSiYD39HaQMw6pt/",
  "GitHubUrl": "https://github.com/edimilsonestevam/labstech",
  "WorkFolder": "_work"
}
[2025-04-14 04:23:30Z INFO MessageListener] Loading Credentials
[2025-04-14 04:23:30Z INFO ConfigurationStore] HasCredentials()
[2025-04-14 04:23:30Z INFO ConfigurationStore] stored True
[2025-04-14 04:23:30Z INFO CredentialManager] GetCredentialProvider
[2025-04-14 04:23:30Z INFO CredentialManager] Creating type OAuth
[2025-04-14 04:23:30Z INFO CredentialManager] Creating credential type: OAuth
[2025-04-14 04:23:30Z INFO HostContext] Well known directory 'Bin': 'C:\Users\edimi\Repositories\labstech\actions-runner\bin'
[2025-04-14 04:23:30Z INFO HostContext] Well known directory 'Root': 'C:\Users\edimi\Repositories\labstech\actions-runner'
[2025-04-14 04:23:30Z INFO HostContext] Well known config file 'RSACredentials': 'C:\Users\edimi\Repositories\labstech\actions-runner\.credentials_rsaparams'
[2025-04-14 04:23:30Z INFO RSAEncryptedFileKeyManager] Loading RSA key parameters from file C:\Users\edimi\Repositories\labstech\actions-runner\.credentials_rsaparams
[2025-04-14 04:23:30Z INFO MessageListener] Attempt to create session.
[2025-04-14 04:23:30Z INFO MessageListener] Connecting to the Runner Server...
[2025-04-14 04:23:30Z INFO RunnerServer] EstablishVssConnection
[2025-04-14 04:23:30Z INFO RunnerServer] Establish connection with 100 seconds timeout.
[2025-04-14 04:23:30Z INFO GitHubActionsService] Starting operation Location.GetConnectionData
[2025-04-14 04:23:30Z INFO RunnerServer] EstablishVssConnection
[2025-04-14 04:23:30Z INFO RunnerServer] Establish connection with 60 seconds timeout.
[2025-04-14 04:23:30Z INFO GitHubActionsService] Starting operation Location.GetConnectionData
[2025-04-14 04:23:30Z INFO RunnerServer] EstablishVssConnection
[2025-04-14 04:23:30Z INFO RunnerServer] Establish connection with 60 seconds timeout.
[2025-04-14 04:23:31Z INFO GitHubActionsService] Starting operation Location.GetConnectionData
[2025-04-14 04:23:34Z INFO GitHubActionsService] Finished operation Location.GetConnectionData
[2025-04-14 04:23:34Z INFO GitHubActionsService] Finished operation Location.GetConnectionData
[2025-04-14 04:23:35Z INFO GitHubActionsService] Finished operation Location.GetConnectionData
[2025-04-14 04:23:36Z INFO MessageListener] VssConnection created
[2025-04-14 04:23:36Z INFO Terminal] WRITE LINE: 
[2025-04-14 04:23:36Z INFO Terminal] WRITE LINE: 
[2025-04-14 04:23:36Z INFO RSAEncryptedFileKeyManager] Loading RSA key parameters from file C:\Users\edimi\Repositories\labstech\actions-runner\.credentials_rsaparams
[2025-04-14 04:23:36Z INFO RSAEncryptedFileKeyManager] Loading RSA key parameters from file C:\Users\edimi\Repositories\labstech\actions-runner\.credentials_rsaparams
[2025-04-14 04:23:38Z INFO GitHubActionsService] AAD Correlation ID for this token request: Unknown
[2025-04-14 04:23:39Z WARN GitHubActionsService] Retrieving an AAD auth token took a long time (2.2067323 seconds)
[2025-04-14 04:23:39Z INFO MessageListener] Session created.
[2025-04-14 04:23:39Z INFO Terminal] WRITE LINE: Current runner version: '2.323.0'
[2025-04-14 04:23:39Z INFO Terminal] WRITE LINE: 2025-04-14 04:23:39Z: Listening for Jobs
[2025-04-14 04:23:39Z INFO JobDispatcher] Set runner/worker IPC timeout to 30 seconds.
[2025-04-14 04:23:40Z INFO RSAEncryptedFileKeyManager] Loading RSA key parameters from file C:\Users\edimi\Repositories\labstech\actions-runner\.credentials_rsaparams
[2025-04-14 04:23:43Z INFO GitHubActionsService] AAD Correlation ID for this token request: Unknown
[2025-04-14 04:23:43Z WARN GitHubActionsService] Retrieving an AAD auth token took a long time (3.038547 seconds)
[2025-04-14 04:54:13Z INFO MessageListener] No message retrieved from session '88233d24-6837-415f-87c9-ab026bed73a8' within last 30 minutes.
